2021/01/14 08:50:17 [error] 20#20: *1 open() "/var/www/html/public/jquery.datatimepicker.min.css" failed (2: No such file or directory), client: 172.23.0.1, server: , request: "GET /jquery.datatimepicker.min.css HTTP/1.1", host: "localhost:8080", referrer: "http://localhost:8080/to-ren"
2021/01/14 08:50:17 [error] 20#20: *8 open() "/var/www/html/public/css/nice-select.css" failed (2: No such file or directory), client: 172.23.0.1, server: , request: "GET /css/nice-select.css HTTP/1.1", host: "localhost:8080", referrer: "http://localhost:8080/css/style.css"
2021/01/14 08:50:18 [error] 20#20: *14 open() "/var/www/html/public/css/owl.video.play.png" failed (2: No such file or directory), client: 172.23.0.1, server: , request: "GET /css/owl.video.play.png HTTP/1.1", host: "localhost:8080", referrer: "http://localhost:8080/to-ren"
2021/01/14 08:50:18 [error] 19#19: *13 open() "/var/www/html/public/css/images/ui-icons_444444_256x240.png" failed (2: No such file or directory), client: 172.23.0.1, server: , request: "GET /css/images/ui-icons_444444_256x240.png HTTP/1.1", host: "localhost:8080", referrer: "http://localhost:8080/to-ren"
2021/01/14 08:50:18 [error] 20#20: *12 open() "/var/www/html/public/css/images/ui-icons_555555_256x240.png" failed (2: No such file or directory), client: 172.23.0.1, server: , request: "GET /css/images/ui-icons_555555_256x240.png HTTP/1.1", host: "localhost:8080", referrer: "http://localhost:8080/to-ren"
2021/01/14 08:50:18 [error] 19#19: *10 open() "/var/www/html/public/css/images/ui-icons_777620_256x240.png" failed (2: No such file or directory), client: 172.23.0.1, server: , request: "GET /css/images/ui-icons_777620_256x240.png HTTP/1.1", host: "localhost:8080", referrer: "http://localhost:8080/to-ren"
2021/01/14 08:50:18 [error] 20#20: *11 open() "/var/www/html/public/css/images/ui-icons_ffffff_256x240.png" failed (2: No such file or directory), client: 172.23.0.1, server: , request: "GET /css/images/ui-icons_ffffff_256x240.png HTTP/1.1", host: "localhost:8080", referrer: "http://localhost:8080/to-ren"
2021/01/14 08:50:18 [error] 19#19: *9 open() "/var/www/html/public/css/images/ui-icons_cc0000_256x240.png" failed (2: No such file or directory), client: 172.23.0.1, server: , request: "GET /css/images/ui-icons_cc0000_256x240.png HTTP/1.1", host: "localhost:8080", referrer: "http://localhost:8080/to-ren"
2021/01/14 08:50:18 [error] 20#20: *14 open() "/var/www/html/public/css/images/ui-icons_777777_256x240.png" failed (2: No such file or directory), client: 172.23.0.1, server: , request: "GET /css/images/ui-icons_777777_256x240.png HTTP/1.1", host: "localhost:8080", referrer: "http://localhost:8080/to-ren"
2021/01/14 08:50:28 [error] 19#19: *7 open() "/var/www/html/public/jquery.datatimepicker.min.css" failed (2: No such file or directory), client: 172.23.0.1, server: , request: "GET /jquery.datatimepicker.min.css HTTP/1.1", host: "localhost:8080", referrer: "http://localhost:8080/login"
2021/01/14 08:50:28 [error] 19#19: *6 open() "/var/www/html/public/css/app.css" failed (2: No such file or directory), client: 172.23.0.1, server: , request: "GET /css/app.css HTTP/1.1", host: "localhost:8080", referrer: "http://localhost:8080/login"
2021/01/14 08:50:28 [error] 19#19: *6 open() "/var/www/html/public/js/app.js" failed (2: No such file or directory), client: 172.23.0.1, server: , request: "GET /js/app.js HTTP/1.1", host: "localhost:8080", referrer: "http://localhost:8080/login"
2021/01/14 08:50:28 [error] 19#19: *6 open() "/var/www/html/public/css/nice-select.css" failed (2: No such file or directory), client: 172.23.0.1, server: , request: "GET /css/nice-select.css HTTP/1.1", host: "localhost:8080", referrer: "http://localhost:8080/css/style.css"
2021/01/14 08:50:28 [error] 19#19: *7 open() "/var/www/html/public/css/app.css" failed (2: No such file or directory), client: 172.23.0.1, server: , request: "GET /css/app.css HTTP/1.1", host: "localhost:8080", referrer: "http://localhost:8080/login"
2021/01/14 08:50:28 [error] 19#19: *6 open() "/var/www/html/public/js/app.js" failed (2: No such file or directory), client: 172.23.0.1, server: , request: "GET /js/app.js HTTP/1.1", host: "localhost:8080", referrer: "http://localhost:8080/login"
2021/01/14 08:50:28 [error] 19#19: *6 open() "/var/www/html/public/css/app.css" failed (2: No such file or directory), client: 172.23.0.1, server: , request: "GET /css/app.css HTTP/1.1", host: "localhost:8080", referrer: "http://localhost:8080/login"
2021/01/14 08:51:04 [error] 19#19: *6 open() "/var/www/html/public/jquery.datatimepicker.min.css" failed (2: No such file or directory), client: 172.23.0.1, server: , request: "GET /jquery.datatimepicker.min.css HTTP/1.1", host: "localhost:8080", referrer: "http://localhost:8080/register"
2021/01/14 08:51:04 [error] 19#19: *6 open() "/var/www/html/public/css/nice-select.css" failed (2: No such file or directory), client: 172.23.0.1, server: , request: "GET /css/nice-select.css HTTP/1.1", host: "localhost:8080", referrer: "http://localhost:8080/css/style.css"
2021/01/14 09:15:11 [error] 21#21: *5 open() "/var/www/html/public/jquery.datatimepicker.min.css" failed (2: No such file or directory), client: 172.24.0.1, server: , request: "GET /jquery.datatimepicker.min.css HTTP/1.1", host: "localhost:8080", referrer: "http://localhost:8080/register"
2021/01/14 09:15:11 [error] 20#20: *8 open() "/var/www/html/public/css/nice-select.css" failed (2: No such file or directory), client: 172.24.0.1, server: , request: "GET /css/nice-select.css HTTP/1.1", host: "localhost:8080", referrer: "http://localhost:8080/css/style.css"
2021/01/14 09:15:26 [warn] 21#21: *7 an upstream response is buffered to a temporary file /var/cache/nginx/fastcgi_temp/1/00/0000000001 while reading upstream, client: 172.24.0.1, server: , request: "POST /register HTTP/1.1", upstream: "fastcgi://unix:/run/php/php7.4-fpm.sock:", host: "localhost:8080", referrer: "http://localhost:8080/register"
2021/01/14 09:27:43 [error] 20#20: *1 open() "/var/www/html/public/jquery.datatimepicker.min.css" failed (2: No such file or directory), client: 172.24.0.1, server: , request: "GET /jquery.datatimepicker.min.css HTTP/1.1", host: "localhost:8080", referrer: "http://localhost:8080/register"
2021/01/14 09:27:43 [error] 20#20: *1 open() "/var/www/html/public/css/nice-select.css" failed (2: No such file or directory), client: 172.24.0.1, server: , request: "GET /css/nice-select.css HTTP/1.1", host: "localhost:8080", referrer: "http://localhost:8080/css/style.css"
2021/01/14 09:58:43 [error] 21#21: *1 open() "/var/www/html/public/jquery.datatimepicker.min.css" failed (2: No such file or directory), client: 172.24.0.1, server: , request: "GET /jquery.datatimepicker.min.css HTTP/1.1", host: "localhost:8080", referrer: "http://localhost:8080/register"
2021/01/14 09:58:44 [error] 21#21: *1 open() "/var/www/html/public/css/nice-select.css" failed (2: No such file or directory), client: 172.24.0.1, server: , request: "GET /css/nice-select.css HTTP/1.1", host: "localhost:8080", referrer: "http://localhost:8080/css/style.css"
2021/01/14 10:05:28 [error] 20#20: *2 open() "/var/www/html/public/jquery.datatimepicker.min.css" failed (2: No such file or directory), client: 172.27.0.1, server: , request: "GET /jquery.datatimepicker.min.css HTTP/1.1", host: "localhost:8080", referrer: "http://localhost:8080/register"
2021/01/14 10:05:28 [error] 20#20: *2 open() "/var/www/html/public/css/nice-select.css" failed (2: No such file or directory), client: 172.27.0.1, server: , request: "GET /css/nice-select.css HTTP/1.1", host: "localhost:8080", referrer: "http://localhost:8080/css/style.css"
2021/01/14 10:13:39 [error] 21#21: *4 open() "/var/www/html/public/jquery.datatimepicker.min.css" failed (2: No such file or directory), client: 172.27.0.1, server: , request: "GET /jquery.datatimepicker.min.css HTTP/1.1", host: "localhost:8080", referrer: "http://localhost:8080/register"
2021/01/14 10:13:40 [error] 21#21: *1 open() "/var/www/html/public/css/nice-select.css" failed (2: No such file or directory), client: 172.27.0.1, server: , request: "GET /css/nice-select.css HTTP/1.1", host: "localhost:8080", referrer: "http://localhost:8080/css/style.css"
2021/01/14 10:13:40 [error] 21#21: *11 open() "/var/www/html/public/images/all-bg-title.jpg" failed (2: No such file or directory), client: 172.27.0.1, server: , request: "GET /images/all-bg-title.jpg HTTP/1.1", host: "localhost:8080", referrer: "http://localhost:8080/register"
2021/01/14 10:13:40 [error] 21#21: *16 open() "/var/www/html/public/css/owl.video.play.png" failed (2: No such file or directory), client: 172.27.0.1, server: , request: "GET /css/owl.video.play.png HTTP/1.1", host: "localhost:8080", referrer: "http://localhost:8080/register"
2021/01/14 10:13:40 [error] 21#21: *15 open() "/var/www/html/public/css/images/ui-icons_444444_256x240.png" failed (2: No such file or directory), client: 172.27.0.1, server: , request: "GET /css/images/ui-icons_444444_256x240.png HTTP/1.1", host: "localhost:8080", referrer: "http://localhost:8080/register"
2021/01/14 10:13:40 [error] 22#22: *13 open() "/var/www/html/public/css/images/ui-icons_555555_256x240.png" failed (2: No such file or directory), client: 172.27.0.1, server: , request: "GET /css/images/ui-icons_555555_256x240.png HTTP/1.1", host: "localhost:8080", referrer: "http://localhost:8080/register"
2021/01/14 10:13:40 [error] 21#21: *14 open() "/var/www/html/public/css/images/ui-icons_ffffff_256x240.png" failed (2: No such file or directory), client: 172.27.0.1, server: , request: "GET /css/images/ui-icons_ffffff_256x240.png HTTP/1.1", host: "localhost:8080", referrer: "http://localhost:8080/register"
2021/01/14 10:13:40 [error] 22#22: *12 open() "/var/www/html/public/css/images/ui-icons_777620_256x240.png" failed (2: No such file or directory), client: 172.27.0.1, server: , request: "GET /css/images/ui-icons_777620_256x240.png HTTP/1.1", host: "localhost:8080", referrer: "http://localhost:8080/register"
2021/01/14 10:13:40 [error] 21#21: *16 open() "/var/www/html/public/css/images/ui-icons_cc0000_256x240.png" failed (2: No such file or directory), client: 172.27.0.1, server: , request: "GET /css/images/ui-icons_cc0000_256x240.png HTTP/1.1", host: "localhost:8080", referrer: "http://localhost:8080/register"
2021/01/14 10:13:40 [error] 21#21: *11 open() "/var/www/html/public/css/images/ui-icons_777777_256x240.png" failed (2: No such file or directory), client: 172.27.0.1, server: , request: "GET /css/images/ui-icons_777777_256x240.png HTTP/1.1", host: "localhost:8080", referrer: "http://localhost:8080/register"
2021/01/14 10:13:41 [error] 22#22: *10 open() "/var/www/html/public/images/favicon.ico" failed (2: No such file or directory), client: 172.27.0.1, server: , request: "GET /images/favicon.ico HTTP/1.1", host: "localhost:8080", referrer: "http://localhost:8080/register"
2021/01/14 10:13:55 [warn] 22#22: *10 an upstream response is buffered to a temporary file /var/cache/nginx/fastcgi_temp/1/00/0000000001 while reading upstream, client: 172.27.0.1, server: , request: "POST /register HTTP/1.1", upstream: "fastcgi://unix:/run/php/php7.4-fpm.sock:", host: "localhost:8080", referrer: "http://localhost:8080/register"
2021/01/14 10:21:42 [error] 20#20: *1 open() "/var/www/html/public/jquery.datatimepicker.min.css" failed (2: No such file or directory), client: 172.29.0.1, server: , request: "GET /jquery.datatimepicker.min.css HTTP/1.1", host: "localhost:8080", referrer: "http://localhost:8080/register"
2021/01/14 10:21:42 [error] 20#20: *1 open() "/var/www/html/public/css/nice-select.css" failed (2: No such file or directory), client: 172.29.0.1, server: , request: "GET /css/nice-select.css HTTP/1.1", host: "localhost:8080", referrer: "http://localhost:8080/css/style.css"
2021/01/14 10:32:23 [error] 20#20: *1 open() "/var/www/html/public/jquery.datatimepicker.min.css" failed (2: No such file or directory), client: 172.29.0.1, server: , request: "GET /jquery.datatimepicker.min.css HTTP/1.1", host: "localhost:8080", referrer: "http://localhost:8080/register"
2021/01/14 10:32:23 [error] 20#20: *1 open() "/var/www/html/public/css/nice-select.css" failed (2: No such file or directory), client: 172.29.0.1, server: , request: "GET /css/nice-select.css HTTP/1.1", host: "localhost:8080", referrer: "http://localhost:8080/css/style.css"
2021/01/15 03:43:23 [warn] 21#21: *2 an upstream response is buffered to a temporary file /var/cache/nginx/fastcgi_temp/1/00/0000000001 while reading upstream, client: 172.29.0.1, server: , request: "GET /to-ren HTTP/1.1", upstream: "fastcgi://unix:/run/php/php7.4-fpm.sock:", host: "localhost:8080", referrer: "http://localhost:8080/"
2021/01/15 08:10:55 [error] 19#19: *2 FastCGI sent in stderr: "PHP message: PHP Fatal error:  Uncaught ErrorException: file_put_contents(E:\tindm\newit1\carrental\storage\framework\views/5ec98f73456acbfa9ca695d9d04acd7c7a76afc9.php): failed to open stream: No such file or directory in /var/www/html/vendor/laravel/framework/src/Illuminate/Filesystem/Filesystem.php:135
Stack trace:
#0 [internal function]: Illuminate\Foundation\Bootstrap\HandleExceptions->handleError()
#1 /var/www/html/vendor/laravel/framework/src/Illuminate/Filesystem/Filesystem.php(135): file_put_contents()
#2 /var/www/html/vendor/laravel/framework/src/Illuminate/View/Compilers/BladeCompiler.php(150): Illuminate\Filesystem\Filesystem->put()
#3 /var/www/html/vendor/laravel/framework/src/Illuminate/View/Engines/CompilerEngine.php(51): Illuminate\View\Compilers\BladeCompiler->compile()
#4 /var/www/html/vendor/facade/ignition/src/Views/Engines/CompilerEngine.php(37): Illuminate\View\Engines\CompilerEngine->get()
#5 /var/www/html/vendor/laravel/framework/src/Illuminate/View/View.php(139): Facade\Ig...PHP message: PHP Fatal error:  Uncaught ErrorException: file_put_contents(E:\tindm\newit1\carrental\storage\framework\views/5ec98f73456acbfa9ca695d9d04acd7c7a76afc9.php): failed to open stream: No such file or directory in /var/www/html/vendor/laravel/framework/src/Illuminate/Filesystem/Filesystem.php:135
Stack trace:
#0 [internal function]: Illuminate\Foundation\Bootstrap\HandleExceptions->handleError()
#1 /var/www/html/vendor/laravel/framework/src/Illuminate/Filesystem/Filesystem.php(135): file_put_contents()
#2 /var/www/html/vendor/laravel/framework/src/Illuminate/View/Compilers/BladeCompiler.php(150): Illuminate\Filesystem\Filesystem->put()
#3 /var/www/html/vendor/laravel/framework/src/Illuminate/View/Engines/CompilerEngine.php(51): Illuminate\View\Compilers\BladeCompiler->compile()
#4 /var/www/html/vendor/facade/ignition/src/Views/Engines/CompilerEngine.php(37): Illuminate\View\Engines\CompilerEngine->get()
#5 /var/www/html/vendor/laravel/framework/s
2021/01/15 08:11:07 [error] 19#19: *2 FastCGI sent in stderr: "PHP message: PHP Fatal error:  Uncaught ErrorException: file_put_contents(E:\tindm\newit1\carrental\storage\framework\views/5ec98f73456acbfa9ca695d9d04acd7c7a76afc9.php): failed to open stream: No such file or directory in /var/www/html/vendor/laravel/framework/src/Illuminate/Filesystem/Filesystem.php:135
Stack trace:
#0 [internal function]: Illuminate\Foundation\Bootstrap\HandleExceptions->handleError()
#1 /var/www/html/vendor/laravel/framework/src/Illuminate/Filesystem/Filesystem.php(135): file_put_contents()
#2 /var/www/html/vendor/laravel/framework/src/Illuminate/View/Compilers/BladeCompiler.php(150): Illuminate\Filesystem\Filesystem->put()
#3 /var/www/html/vendor/laravel/framework/src/Illuminate/View/Engines/CompilerEngine.php(51): Illuminate\View\Compilers\BladeCompiler->compile()
#4 /var/www/html/vendor/facade/ignition/src/Views/Engines/CompilerEngine.php(37): Illuminate\View\Engines\CompilerEngine->get()
#5 /var/www/html/vendor/laravel/framework/src/Illuminate/View/View.php(139): Facade\Ig...PHP message: PHP Fatal error:  Uncaught ErrorException: file_put_contents(E:\tindm\newit1\carrental\storage\framework\views/5ec98f73456acbfa9ca695d9d04acd7c7a76afc9.php): failed to open stream: No such file or directory in /var/www/html/vendor/laravel/framework/src/Illuminate/Filesystem/Filesystem.php:135
Stack trace:
#0 [internal function]: Illuminate\Foundation\Bootstrap\HandleExceptions->handleError()
#1 /var/www/html/vendor/laravel/framework/src/Illuminate/Filesystem/Filesystem.php(135): file_put_contents()
#2 /var/www/html/vendor/laravel/framework/src/Illuminate/View/Compilers/BladeCompiler.php(150): Illuminate\Filesystem\Filesystem->put()
#3 /var/www/html/vendor/laravel/framework/src/Illuminate/View/Engines/CompilerEngine.php(51): Illuminate\View\Compilers\BladeCompiler->compile()
#4 /var/www/html/vendor/facade/ignition/src/Views/Engines/CompilerEngine.php(37): Illuminate\View\Engines\CompilerEngine->get()
#5 /var/www/html/vendor/laravel/framework/s
2021/01/15 08:12:03 [error] 19#19: *2 FastCGI sent in stderr: "PHP message: PHP Fatal error:  Uncaught ErrorException: file_put_contents(E:\tindm\newit1\carrental\storage\framework\views/5ec98f73456acbfa9ca695d9d04acd7c7a76afc9.php): failed to open stream: No such file or directory in /var/www/html/vendor/laravel/framework/src/Illuminate/Filesystem/Filesystem.php:135
Stack trace:
#0 [internal function]: Illuminate\Foundation\Bootstrap\HandleExceptions->handleError()
#1 /var/www/html/vendor/laravel/framework/src/Illuminate/Filesystem/Filesystem.php(135): file_put_contents()
#2 /var/www/html/vendor/laravel/framework/src/Illuminate/View/Compilers/BladeCompiler.php(150): Illuminate\Filesystem\Filesystem->put()
#3 /var/www/html/vendor/laravel/framework/src/Illuminate/View/Engines/CompilerEngine.php(51): Illuminate\View\Compilers\BladeCompiler->compile()
#4 /var/www/html/vendor/facade/ignition/src/Views/Engines/CompilerEngine.php(37): Illuminate\View\Engines\CompilerEngine->get()
#5 /var/www/html/vendor/laravel/framework/src/Illuminate/View/View.php(139): Facade\Ig...PHP message: PHP Fatal error:  Uncaught ErrorException: file_put_contents(E:\tindm\newit1\carrental\storage\framework\views/5ec98f73456acbfa9ca695d9d04acd7c7a76afc9.php): failed to open stream: No such file or directory in /var/www/html/vendor/laravel/framework/src/Illuminate/Filesystem/Filesystem.php:135
Stack trace:
#0 [internal function]: Illuminate\Foundation\Bootstrap\HandleExceptions->handleError()
#1 /var/www/html/vendor/laravel/framework/src/Illuminate/Filesystem/Filesystem.php(135): file_put_contents()
#2 /var/www/html/vendor/laravel/framework/src/Illuminate/View/Compilers/BladeCompiler.php(150): Illuminate\Filesystem\Filesystem->put()
#3 /var/www/html/vendor/laravel/framework/src/Illuminate/View/Engines/CompilerEngine.php(51): Illuminate\View\Compilers\BladeCompiler->compile()
#4 /var/www/html/vendor/facade/ignition/src/Views/Engines/CompilerEngine.php(37): Illuminate\View\Engines\CompilerEngine->get()
#5 /var/www/html/vendor/laravel/framework/s
2021/01/15 08:12:12 [error] 19#19: *2 FastCGI sent in stderr: "PHP message: PHP Fatal error:  Uncaught ErrorException: file_put_contents(E:\tindm\newit1\carrental\storage\framework\views/5ec98f73456acbfa9ca695d9d04acd7c7a76afc9.php): failed to open stream: No such file or directory in /var/www/html/vendor/laravel/framework/src/Illuminate/Filesystem/Filesystem.php:135
Stack trace:
#0 [internal function]: Illuminate\Foundation\Bootstrap\HandleExceptions->handleError()
#1 /var/www/html/vendor/laravel/framework/src/Illuminate/Filesystem/Filesystem.php(135): file_put_contents()
#2 /var/www/html/vendor/laravel/framework/src/Illuminate/View/Compilers/BladeCompiler.php(150): Illuminate\Filesystem\Filesystem->put()
#3 /var/www/html/vendor/laravel/framework/src/Illuminate/View/Engines/CompilerEngine.php(51): Illuminate\View\Compilers\BladeCompiler->compile()
#4 /var/www/html/vendor/facade/ignition/src/Views/Engines/CompilerEngine.php(37): Illuminate\View\Engines\CompilerEngine->get()
#5 /var/www/html/vendor/laravel/framework/src/Illuminate/View/View.php(139): Facade\Ig...PHP message: PHP Fatal error:  Uncaught ErrorException: file_put_contents(E:\tindm\newit1\carrental\storage\framework\views/5ec98f73456acbfa9ca695d9d04acd7c7a76afc9.php): failed to open stream: No such file or directory in /var/www/html/vendor/laravel/framework/src/Illuminate/Filesystem/Filesystem.php:135
Stack trace:
#0 [internal function]: Illuminate\Foundation\Bootstrap\HandleExceptions->handleError()
#1 /var/www/html/vendor/laravel/framework/src/Illuminate/Filesystem/Filesystem.php(135): file_put_contents()
#2 /var/www/html/vendor/laravel/framework/src/Illuminate/View/Compilers/BladeCompiler.php(150): Illuminate\Filesystem\Filesystem->put()
#3 /var/www/html/vendor/laravel/framework/src/Illuminate/View/Engines/CompilerEngine.php(51): Illuminate\View\Compilers\BladeCompiler->compile()
#4 /var/www/html/vendor/facade/ignition/src/Views/Engines/CompilerEngine.php(37): Illuminate\View\Engines\CompilerEngine->get()
#5 /var/www/html/vendor/laravel/framework/s
2021/01/15 08:12:15 [error] 19#19: *2 FastCGI sent in stderr: "PHP message: PHP Fatal error:  Uncaught ErrorException: file_put_contents(E:\tindm\newit1\carrental\storage\framework\views/5ec98f73456acbfa9ca695d9d04acd7c7a76afc9.php): failed to open stream: No such file or directory in /var/www/html/vendor/laravel/framework/src/Illuminate/Filesystem/Filesystem.php:135
Stack trace:
#0 [internal function]: Illuminate\Foundation\Bootstrap\HandleExceptions->handleError()
#1 /var/www/html/vendor/laravel/framework/src/Illuminate/Filesystem/Filesystem.php(135): file_put_contents()
#2 /var/www/html/vendor/laravel/framework/src/Illuminate/View/Compilers/BladeCompiler.php(150): Illuminate\Filesystem\Filesystem->put()
#3 /var/www/html/vendor/laravel/framework/src/Illuminate/View/Engines/CompilerEngine.php(51): Illuminate\View\Compilers\BladeCompiler->compile()
#4 /var/www/html/vendor/facade/ignition/src/Views/Engines/CompilerEngine.php(37): Illuminate\View\Engines\CompilerEngine->get()
#5 /var/www/html/vendor/laravel/framework/src/Illuminate/View/View.php(139): Facade\Ig...PHP message: PHP Fatal error:  Uncaught ErrorException: file_put_contents(E:\tindm\newit1\carrental\storage\framework\views/5ec98f73456acbfa9ca695d9d04acd7c7a76afc9.php): failed to open stream: No such file or directory in /var/www/html/vendor/laravel/framework/src/Illuminate/Filesystem/Filesystem.php:135
Stack trace:
#0 [internal function]: Illuminate\Foundation\Bootstrap\HandleExceptions->handleError()
#1 /var/www/html/vendor/laravel/framework/src/Illuminate/Filesystem/Filesystem.php(135): file_put_contents()
#2 /var/www/html/vendor/laravel/framework/src/Illuminate/View/Compilers/BladeCompiler.php(150): Illuminate\Filesystem\Filesystem->put()
#3 /var/www/html/vendor/laravel/framework/src/Illuminate/View/Engines/CompilerEngine.php(51): Illuminate\View\Compilers\BladeCompiler->compile()
#4 /var/www/html/vendor/facade/ignition/src/Views/Engines/CompilerEngine.php(37): Illuminate\View\Engines\CompilerEngine->get()
#5 /var/www/html/vendor/laravel/framework/s
2021/01/15 08:12:17 [error] 19#19: *2 FastCGI sent in stderr: "PHP message: PHP Fatal error:  Uncaught ErrorException: file_put_contents(E:\tindm\newit1\carrental\storage\framework\views/5ec98f73456acbfa9ca695d9d04acd7c7a76afc9.php): failed to open stream: No such file or directory in /var/www/html/vendor/laravel/framework/src/Illuminate/Filesystem/Filesystem.php:135
Stack trace:
#0 [internal function]: Illuminate\Foundation\Bootstrap\HandleExceptions->handleError()
#1 /var/www/html/vendor/laravel/framework/src/Illuminate/Filesystem/Filesystem.php(135): file_put_contents()
#2 /var/www/html/vendor/laravel/framework/src/Illuminate/View/Compilers/BladeCompiler.php(150): Illuminate\Filesystem\Filesystem->put()
#3 /var/www/html/vendor/laravel/framework/src/Illuminate/View/Engines/CompilerEngine.php(51): Illuminate\View\Compilers\BladeCompiler->compile()
#4 /var/www/html/vendor/facade/ignition/src/Views/Engines/CompilerEngine.php(37): Illuminate\View\Engines\CompilerEngine->get()
#5 /var/www/html/vendor/laravel/framework/src/Illuminate/View/View.php(139): Facade\Ig...PHP message: PHP Fatal error:  Uncaught ErrorException: file_put_contents(E:\tindm\newit1\carrental\storage\framework\views/5ec98f73456acbfa9ca695d9d04acd7c7a76afc9.php): failed to open stream: No such file or directory in /var/www/html/vendor/laravel/framework/src/Illuminate/Filesystem/Filesystem.php:135
Stack trace:
#0 [internal function]: Illuminate\Foundation\Bootstrap\HandleExceptions->handleError()
#1 /var/www/html/vendor/laravel/framework/src/Illuminate/Filesystem/Filesystem.php(135): file_put_contents()
#2 /var/www/html/vendor/laravel/framework/src/Illuminate/View/Compilers/BladeCompiler.php(150): Illuminate\Filesystem\Filesystem->put()
#3 /var/www/html/vendor/laravel/framework/src/Illuminate/View/Engines/CompilerEngine.php(51): Illuminate\View\Compilers\BladeCompiler->compile()
#4 /var/www/html/vendor/facade/ignition/src/Views/Engines/CompilerEngine.php(37): Illuminate\View\Engines\CompilerEngine->get()
#5 /var/www/html/vendor/laravel/framework/s
2021/01/15 08:13:18 [error] 19#19: *2 FastCGI sent in stderr: "PHP message: PHP Fatal error:  Uncaught ErrorException: file_put_contents(E:\tindm\newit1\carrental\storage\framework\views/5ec98f73456acbfa9ca695d9d04acd7c7a76afc9.php): failed to open stream: No such file or directory in /var/www/html/vendor/laravel/framework/src/Illuminate/Filesystem/Filesystem.php:135
Stack trace:
#0 [internal function]: Illuminate\Foundation\Bootstrap\HandleExceptions->handleError()
#1 /var/www/html/vendor/laravel/framework/src/Illuminate/Filesystem/Filesystem.php(135): file_put_contents()
#2 /var/www/html/vendor/laravel/framework/src/Illuminate/View/Compilers/BladeCompiler.php(150): Illuminate\Filesystem\Filesystem->put()
#3 /var/www/html/vendor/laravel/framework/src/Illuminate/View/Engines/CompilerEngine.php(51): Illuminate\View\Compilers\BladeCompiler->compile()
#4 /var/www/html/vendor/facade/ignition/src/Views/Engines/CompilerEngine.php(37): Illuminate\View\Engines\CompilerEngine->get()
#5 /var/www/html/vendor/laravel/framework/src/Illuminate/View/View.php(139): Facade\Ig...PHP message: PHP Fatal error:  Uncaught ErrorException: file_put_contents(E:\tindm\newit1\carrental\storage\framework\views/5ec98f73456acbfa9ca695d9d04acd7c7a76afc9.php): failed to open stream: No such file or directory in /var/www/html/vendor/laravel/framework/src/Illuminate/Filesystem/Filesystem.php:135
Stack trace:
#0 [internal function]: Illuminate\Foundation\Bootstrap\HandleExceptions->handleError()
#1 /var/www/html/vendor/laravel/framework/src/Illuminate/Filesystem/Filesystem.php(135): file_put_contents()
#2 /var/www/html/vendor/laravel/framework/src/Illuminate/View/Compilers/BladeCompiler.php(150): Illuminate\Filesystem\Filesystem->put()
#3 /var/www/html/vendor/laravel/framework/src/Illuminate/View/Engines/CompilerEngine.php(51): Illuminate\View\Compilers\BladeCompiler->compile()
#4 /var/www/html/vendor/facade/ignition/src/Views/Engines/CompilerEngine.php(37): Illuminate\View\Engines\CompilerEngine->get()
#5 /var/www/html/vendor/laravel/framework/s
2021/01/15 08:13:19 [error] 19#19: *2 FastCGI sent in stderr: "PHP message: PHP Fatal error:  Uncaught ErrorException: file_put_contents(E:\tindm\newit1\carrental\storage\framework\views/5ec98f73456acbfa9ca695d9d04acd7c7a76afc9.php): failed to open stream: No such file or directory in /var/www/html/vendor/laravel/framework/src/Illuminate/Filesystem/Filesystem.php:135
Stack trace:
#0 [internal function]: Illuminate\Foundation\Bootstrap\HandleExceptions->handleError()
#1 /var/www/html/vendor/laravel/framework/src/Illuminate/Filesystem/Filesystem.php(135): file_put_contents()
#2 /var/www/html/vendor/laravel/framework/src/Illuminate/View/Compilers/BladeCompiler.php(150): Illuminate\Filesystem\Filesystem->put()
#3 /var/www/html/vendor/laravel/framework/src/Illuminate/View/Engines/CompilerEngine.php(51): Illuminate\View\Compilers\BladeCompiler->compile()
#4 /var/www/html/vendor/facade/ignition/src/Views/Engines/CompilerEngine.php(37): Illuminate\View\Engines\CompilerEngine->get()
#5 /var/www/html/vendor/laravel/framework/src/Illuminate/View/View.php(139): Facade\Ig...PHP message: PHP Fatal error:  Uncaught ErrorException: file_put_contents(E:\tindm\newit1\carrental\storage\framework\views/5ec98f73456acbfa9ca695d9d04acd7c7a76afc9.php): failed to open stream: No such file or directory in /var/www/html/vendor/laravel/framework/src/Illuminate/Filesystem/Filesystem.php:135
Stack trace:
#0 [internal function]: Illuminate\Foundation\Bootstrap\HandleExceptions->handleError()
#1 /var/www/html/vendor/laravel/framework/src/Illuminate/Filesystem/Filesystem.php(135): file_put_contents()
#2 /var/www/html/vendor/laravel/framework/src/Illuminate/View/Compilers/BladeCompiler.php(150): Illuminate\Filesystem\Filesystem->put()
#3 /var/www/html/vendor/laravel/framework/src/Illuminate/View/Engines/CompilerEngine.php(51): Illuminate\View\Compilers\BladeCompiler->compile()
#4 /var/www/html/vendor/facade/ignition/src/Views/Engines/CompilerEngine.php(37): Illuminate\View\Engines\CompilerEngine->get()
#5 /var/www/html/vendor/laravel/framework/s
2021/01/15 08:13:21 [error] 19#19: *2 FastCGI sent in stderr: "PHP message: PHP Fatal error:  Uncaught ErrorException: file_put_contents(E:\tindm\newit1\carrental\storage\framework\views/5ec98f73456acbfa9ca695d9d04acd7c7a76afc9.php): failed to open stream: No such file or directory in /var/www/html/vendor/laravel/framework/src/Illuminate/Filesystem/Filesystem.php:135
Stack trace:
#0 [internal function]: Illuminate\Foundation\Bootstrap\HandleExceptions->handleError()
#1 /var/www/html/vendor/laravel/framework/src/Illuminate/Filesystem/Filesystem.php(135): file_put_contents()
#2 /var/www/html/vendor/laravel/framework/src/Illuminate/View/Compilers/BladeCompiler.php(150): Illuminate\Filesystem\Filesystem->put()
#3 /var/www/html/vendor/laravel/framework/src/Illuminate/View/Engines/CompilerEngine.php(51): Illuminate\View\Compilers\BladeCompiler->compile()
#4 /var/www/html/vendor/facade/ignition/src/Views/Engines/CompilerEngine.php(37): Illuminate\View\Engines\CompilerEngine->get()
#5 /var/www/html/vendor/laravel/framework/src/Illuminate/View/View.php(139): Facade\Ig...PHP message: PHP Fatal error:  Uncaught ErrorException: file_put_contents(E:\tindm\newit1\carrental\storage\framework\views/5ec98f73456acbfa9ca695d9d04acd7c7a76afc9.php): failed to open stream: No such file or directory in /var/www/html/vendor/laravel/framework/src/Illuminate/Filesystem/Filesystem.php:135
Stack trace:
#0 [internal function]: Illuminate\Foundation\Bootstrap\HandleExceptions->handleError()
#1 /var/www/html/vendor/laravel/framework/src/Illuminate/Filesystem/Filesystem.php(135): file_put_contents()
#2 /var/www/html/vendor/laravel/framework/src/Illuminate/View/Compilers/BladeCompiler.php(150): Illuminate\Filesystem\Filesystem->put()
#3 /var/www/html/vendor/laravel/framework/src/Illuminate/View/Engines/CompilerEngine.php(51): Illuminate\View\Compilers\BladeCompiler->compile()
#4 /var/www/html/vendor/facade/ignition/src/Views/Engines/CompilerEngine.php(37): Illuminate\View\Engines\CompilerEngine->get()
#5 /var/www/html/vendor/laravel/framework/s
2021/01/15 08:14:02 [error] 19#19: *2 FastCGI sent in stderr: "PHP message: PHP Fatal error:  Uncaught ErrorException: file_put_contents(E:\tindm\newit1\carrental\storage\framework\views/5ec98f73456acbfa9ca695d9d04acd7c7a76afc9.php): failed to open stream: No such file or directory in /var/www/html/vendor/laravel/framework/src/Illuminate/Filesystem/Filesystem.php:135
Stack trace:
#0 [internal function]: Illuminate\Foundation\Bootstrap\HandleExceptions->handleError()
#1 /var/www/html/vendor/laravel/framework/src/Illuminate/Filesystem/Filesystem.php(135): file_put_contents()
#2 /var/www/html/vendor/laravel/framework/src/Illuminate/View/Compilers/BladeCompiler.php(150): Illuminate\Filesystem\Filesystem->put()
#3 /var/www/html/vendor/laravel/framework/src/Illuminate/View/Engines/CompilerEngine.php(51): Illuminate\View\Compilers\BladeCompiler->compile()
#4 /var/www/html/vendor/facade/ignition/src/Views/Engines/CompilerEngine.php(37): Illuminate\View\Engines\CompilerEngine->get()
#5 /var/www/html/vendor/laravel/framework/src/Illuminate/View/View.php(139): Facade\Ig...PHP message: PHP Fatal error:  Uncaught ErrorException: file_put_contents(E:\tindm\newit1\carrental\storage\framework\views/5ec98f73456acbfa9ca695d9d04acd7c7a76afc9.php): failed to open stream: No such file or directory in /var/www/html/vendor/laravel/framework/src/Illuminate/Filesystem/Filesystem.php:135
Stack trace:
#0 [internal function]: Illuminate\Foundation\Bootstrap\HandleExceptions->handleError()
#1 /var/www/html/vendor/laravel/framework/src/Illuminate/Filesystem/Filesystem.php(135): file_put_contents()
#2 /var/www/html/vendor/laravel/framework/src/Illuminate/View/Compilers/BladeCompiler.php(150): Illuminate\Filesystem\Filesystem->put()
#3 /var/www/html/vendor/laravel/framework/src/Illuminate/View/Engines/CompilerEngine.php(51): Illuminate\View\Compilers\BladeCompiler->compile()
#4 /var/www/html/vendor/facade/ignition/src/Views/Engines/CompilerEngine.php(37): Illuminate\View\Engines\CompilerEngine->get()
#5 /var/www/html/vendor/laravel/framework/s
2021/01/15 08:14:04 [error] 19#19: *2 FastCGI sent in stderr: "PHP message: PHP Fatal error:  Uncaught ErrorException: file_put_contents(E:\tindm\newit1\carrental\storage\framework\views/5ec98f73456acbfa9ca695d9d04acd7c7a76afc9.php): failed to open stream: No such file or directory in /var/www/html/vendor/laravel/framework/src/Illuminate/Filesystem/Filesystem.php:135
Stack trace:
#0 [internal function]: Illuminate\Foundation\Bootstrap\HandleExceptions->handleError()
#1 /var/www/html/vendor/laravel/framework/src/Illuminate/Filesystem/Filesystem.php(135): file_put_contents()
#2 /var/www/html/vendor/laravel/framework/src/Illuminate/View/Compilers/BladeCompiler.php(150): Illuminate\Filesystem\Filesystem->put()
#3 /var/www/html/vendor/laravel/framework/src/Illuminate/View/Engines/CompilerEngine.php(51): Illuminate\View\Compilers\BladeCompiler->compile()
#4 /var/www/html/vendor/facade/ignition/src/Views/Engines/CompilerEngine.php(37): Illuminate\View\Engines\CompilerEngine->get()
#5 /var/www/html/vendor/laravel/framework/src/Illuminate/View/View.php(139): Facade\Ig...PHP message: PHP Fatal error:  Uncaught ErrorException: file_put_contents(E:\tindm\newit1\carrental\storage\framework\views/5ec98f73456acbfa9ca695d9d04acd7c7a76afc9.php): failed to open stream: No such file or directory in /var/www/html/vendor/laravel/framework/src/Illuminate/Filesystem/Filesystem.php:135
Stack trace:
#0 [internal function]: Illuminate\Foundation\Bootstrap\HandleExceptions->handleError()
#1 /var/www/html/vendor/laravel/framework/src/Illuminate/Filesystem/Filesystem.php(135): file_put_contents()
#2 /var/www/html/vendor/laravel/framework/src/Illuminate/View/Compilers/BladeCompiler.php(150): Illuminate\Filesystem\Filesystem->put()
#3 /var/www/html/vendor/laravel/framework/src/Illuminate/View/Engines/CompilerEngine.php(51): Illuminate\View\Compilers\BladeCompiler->compile()
#4 /var/www/html/vendor/facade/ignition/src/Views/Engines/CompilerEngine.php(37): Illuminate\View\Engines\CompilerEngine->get()
#5 /var/www/html/vendor/laravel/framework/s
2021/01/15 08:14:04 [error] 19#19: *2 FastCGI sent in stderr: "PHP message: PHP Fatal error:  Uncaught ErrorException: file_put_contents(E:\tindm\newit1\carrental\storage\framework\views/5ec98f73456acbfa9ca695d9d04acd7c7a76afc9.php): failed to open stream: No such file or directory in /var/www/html/vendor/laravel/framework/src/Illuminate/Filesystem/Filesystem.php:135
Stack trace:
#0 [internal function]: Illuminate\Foundation\Bootstrap\HandleExceptions->handleError()
#1 /var/www/html/vendor/laravel/framework/src/Illuminate/Filesystem/Filesystem.php(135): file_put_contents()
#2 /var/www/html/vendor/laravel/framework/src/Illuminate/View/Compilers/BladeCompiler.php(150): Illuminate\Filesystem\Filesystem->put()
#3 /var/www/html/vendor/laravel/framework/src/Illuminate/View/Engines/CompilerEngine.php(51): Illuminate\View\Compilers\BladeCompiler->compile()
#4 /var/www/html/vendor/facade/ignition/src/Views/Engines/CompilerEngine.php(37): Illuminate\View\Engines\CompilerEngine->get()
#5 /var/www/html/vendor/laravel/framework/src/Illuminate/View/View.php(139): Facade\Ig...PHP message: PHP Fatal error:  Uncaught ErrorException: file_put_contents(E:\tindm\newit1\carrental\storage\framework\views/5ec98f73456acbfa9ca695d9d04acd7c7a76afc9.php): failed to open stream: No such file or directory in /var/www/html/vendor/laravel/framework/src/Illuminate/Filesystem/Filesystem.php:135
Stack trace:
#0 [internal function]: Illuminate\Foundation\Bootstrap\HandleExceptions->handleError()
#1 /var/www/html/vendor/laravel/framework/src/Illuminate/Filesystem/Filesystem.php(135): file_put_contents()
#2 /var/www/html/vendor/laravel/framework/src/Illuminate/View/Compilers/BladeCompiler.php(150): Illuminate\Filesystem\Filesystem->put()
#3 /var/www/html/vendor/laravel/framework/src/Illuminate/View/Engines/CompilerEngine.php(51): Illuminate\View\Compilers\BladeCompiler->compile()
#4 /var/www/html/vendor/facade/ignition/src/Views/Engines/CompilerEngine.php(37): Illuminate\View\Engines\CompilerEngine->get()
#5 /var/www/html/vendor/laravel/framework/s
2021/01/15 08:14:04 [error] 19#19: *2 FastCGI sent in stderr: "PHP message: PHP Fatal error:  Uncaught ErrorException: file_put_contents(E:\tindm\newit1\carrental\storage\framework\views/5ec98f73456acbfa9ca695d9d04acd7c7a76afc9.php): failed to open stream: No such file or directory in /var/www/html/vendor/laravel/framework/src/Illuminate/Filesystem/Filesystem.php:135
Stack trace:
#0 [internal function]: Illuminate\Foundation\Bootstrap\HandleExceptions->handleError()
#1 /var/www/html/vendor/laravel/framework/src/Illuminate/Filesystem/Filesystem.php(135): file_put_contents()
#2 /var/www/html/vendor/laravel/framework/src/Illuminate/View/Compilers/BladeCompiler.php(150): Illuminate\Filesystem\Filesystem->put()
#3 /var/www/html/vendor/laravel/framework/src/Illuminate/View/Engines/CompilerEngine.php(51): Illuminate\View\Compilers\BladeCompiler->compile()
#4 /var/www/html/vendor/facade/ignition/src/Views/Engines/CompilerEngine.php(37): Illuminate\View\Engines\CompilerEngine->get()
#5 /var/www/html/vendor/laravel/framework/src/Illuminate/View/View.php(139): Facade\Ig...PHP message: PHP Fatal error:  Uncaught ErrorException: file_put_contents(E:\tindm\newit1\carrental\storage\framework\views/5ec98f73456acbfa9ca695d9d04acd7c7a76afc9.php): failed to open stream: No such file or directory in /var/www/html/vendor/laravel/framework/src/Illuminate/Filesystem/Filesystem.php:135
Stack trace:
#0 [internal function]: Illuminate\Foundation\Bootstrap\HandleExceptions->handleError()
#1 /var/www/html/vendor/laravel/framework/src/Illuminate/Filesystem/Filesystem.php(135): file_put_contents()
#2 /var/www/html/vendor/laravel/framework/src/Illuminate/View/Compilers/BladeCompiler.php(150): Illuminate\Filesystem\Filesystem->put()
#3 /var/www/html/vendor/laravel/framework/src/Illuminate/View/Engines/CompilerEngine.php(51): Illuminate\View\Compilers\BladeCompiler->compile()
#4 /var/www/html/vendor/facade/ignition/src/Views/Engines/CompilerEngine.php(37): Illuminate\View\Engines\CompilerEngine->get()
#5 /var/www/html/vendor/laravel/framework/s
2021/01/15 08:14:05 [error] 19#19: *2 FastCGI sent in stderr: "PHP message: PHP Fatal error:  Uncaught ErrorException: file_put_contents(E:\tindm\newit1\carrental\storage\framework\views/5ec98f73456acbfa9ca695d9d04acd7c7a76afc9.php): failed to open stream: No such file or directory in /var/www/html/vendor/laravel/framework/src/Illuminate/Filesystem/Filesystem.php:135
Stack trace:
#0 [internal function]: Illuminate\Foundation\Bootstrap\HandleExceptions->handleError()
#1 /var/www/html/vendor/laravel/framework/src/Illuminate/Filesystem/Filesystem.php(135): file_put_contents()
#2 /var/www/html/vendor/laravel/framework/src/Illuminate/View/Compilers/BladeCompiler.php(150): Illuminate\Filesystem\Filesystem->put()
#3 /var/www/html/vendor/laravel/framework/src/Illuminate/View/Engines/CompilerEngine.php(51): Illuminate\View\Compilers\BladeCompiler->compile()
#4 /var/www/html/vendor/facade/ignition/src/Views/Engines/CompilerEngine.php(37): Illuminate\View\Engines\CompilerEngine->get()
#5 /var/www/html/vendor/laravel/framework/src/Illuminate/View/View.php(139): Facade\Ig...PHP message: PHP Fatal error:  Uncaught ErrorException: file_put_contents(E:\tindm\newit1\carrental\storage\framework\views/5ec98f73456acbfa9ca695d9d04acd7c7a76afc9.php): failed to open stream: No such file or directory in /var/www/html/vendor/laravel/framework/src/Illuminate/Filesystem/Filesystem.php:135
Stack trace:
#0 [internal function]: Illuminate\Foundation\Bootstrap\HandleExceptions->handleError()
#1 /var/www/html/vendor/laravel/framework/src/Illuminate/Filesystem/Filesystem.php(135): file_put_contents()
#2 /var/www/html/vendor/laravel/framework/src/Illuminate/View/Compilers/BladeCompiler.php(150): Illuminate\Filesystem\Filesystem->put()
#3 /var/www/html/vendor/laravel/framework/src/Illuminate/View/Engines/CompilerEngine.php(51): Illuminate\View\Compilers\BladeCompiler->compile()
#4 /var/www/html/vendor/facade/ignition/src/Views/Engines/CompilerEngine.php(37): Illuminate\View\Engines\CompilerEngine->get()
#5 /var/www/html/vendor/laravel/framework/s
2021/01/15 08:14:05 [error] 19#19: *2 FastCGI sent in stderr: "PHP message: PHP Fatal error:  Uncaught ErrorException: file_put_contents(E:\tindm\newit1\carrental\storage\framework\views/5ec98f73456acbfa9ca695d9d04acd7c7a76afc9.php): failed to open stream: No such file or directory in /var/www/html/vendor/laravel/framework/src/Illuminate/Filesystem/Filesystem.php:135
Stack trace:
#0 [internal function]: Illuminate\Foundation\Bootstrap\HandleExceptions->handleError()
#1 /var/www/html/vendor/laravel/framework/src/Illuminate/Filesystem/Filesystem.php(135): file_put_contents()
#2 /var/www/html/vendor/laravel/framework/src/Illuminate/View/Compilers/BladeCompiler.php(150): Illuminate\Filesystem\Filesystem->put()
#3 /var/www/html/vendor/laravel/framework/src/Illuminate/View/Engines/CompilerEngine.php(51): Illuminate\View\Compilers\BladeCompiler->compile()
#4 /var/www/html/vendor/facade/ignition/src/Views/Engines/CompilerEngine.php(37): Illuminate\View\Engines\CompilerEngine->get()
#5 /var/www/html/vendor/laravel/framework/src/Illuminate/View/View.php(139): Facade\Ig...PHP message: PHP Fatal error:  Uncaught ErrorException: file_put_contents(E:\tindm\newit1\carrental\storage\framework\views/5ec98f73456acbfa9ca695d9d04acd7c7a76afc9.php): failed to open stream: No such file or directory in /var/www/html/vendor/laravel/framework/src/Illuminate/Filesystem/Filesystem.php:135
Stack trace:
#0 [internal function]: Illuminate\Foundation\Bootstrap\HandleExceptions->handleError()
#1 /var/www/html/vendor/laravel/framework/src/Illuminate/Filesystem/Filesystem.php(135): file_put_contents()
#2 /var/www/html/vendor/laravel/framework/src/Illuminate/View/Compilers/BladeCompiler.php(150): Illuminate\Filesystem\Filesystem->put()
#3 /var/www/html/vendor/laravel/framework/src/Illuminate/View/Engines/CompilerEngine.php(51): Illuminate\View\Compilers\BladeCompiler->compile()
#4 /var/www/html/vendor/facade/ignition/src/Views/Engines/CompilerEngine.php(37): Illuminate\View\Engines\CompilerEngine->get()
#5 /var/www/html/vendor/laravel/framework/s
2021/01/15 08:14:05 [error] 19#19: *2 FastCGI sent in stderr: "PHP message: PHP Fatal error:  Uncaught ErrorException: file_put_contents(E:\tindm\newit1\carrental\storage\framework\views/5ec98f73456acbfa9ca695d9d04acd7c7a76afc9.php): failed to open stream: No such file or directory in /var/www/html/vendor/laravel/framework/src/Illuminate/Filesystem/Filesystem.php:135
Stack trace:
#0 [internal function]: Illuminate\Foundation\Bootstrap\HandleExceptions->handleError()
#1 /var/www/html/vendor/laravel/framework/src/Illuminate/Filesystem/Filesystem.php(135): file_put_contents()
#2 /var/www/html/vendor/laravel/framework/src/Illuminate/View/Compilers/BladeCompiler.php(150): Illuminate\Filesystem\Filesystem->put()
#3 /var/www/html/vendor/laravel/framework/src/Illuminate/View/Engines/CompilerEngine.php(51): Illuminate\View\Compilers\BladeCompiler->compile()
#4 /var/www/html/vendor/facade/ignition/src/Views/Engines/CompilerEngine.php(37): Illuminate\View\Engines\CompilerEngine->get()
#5 /var/www/html/vendor/laravel/framework/src/Illuminate/View/View.php(139): Facade\Ig...PHP message: PHP Fatal error:  Uncaught ErrorException: file_put_contents(E:\tindm\newit1\carrental\storage\framework\views/5ec98f73456acbfa9ca695d9d04acd7c7a76afc9.php): failed to open stream: No such file or directory in /var/www/html/vendor/laravel/framework/src/Illuminate/Filesystem/Filesystem.php:135
Stack trace:
#0 [internal function]: Illuminate\Foundation\Bootstrap\HandleExceptions->handleError()
#1 /var/www/html/vendor/laravel/framework/src/Illuminate/Filesystem/Filesystem.php(135): file_put_contents()
#2 /var/www/html/vendor/laravel/framework/src/Illuminate/View/Compilers/BladeCompiler.php(150): Illuminate\Filesystem\Filesystem->put()
#3 /var/www/html/vendor/laravel/framework/src/Illuminate/View/Engines/CompilerEngine.php(51): Illuminate\View\Compilers\BladeCompiler->compile()
#4 /var/www/html/vendor/facade/ignition/src/Views/Engines/CompilerEngine.php(37): Illuminate\View\Engines\CompilerEngine->get()
#5 /var/www/html/vendor/laravel/framework/s
2021/01/15 08:14:05 [error] 19#19: *2 FastCGI sent in stderr: "PHP message: PHP Fatal error:  Uncaught ErrorException: file_put_contents(E:\tindm\newit1\carrental\storage\framework\views/5ec98f73456acbfa9ca695d9d04acd7c7a76afc9.php): failed to open stream: No such file or directory in /var/www/html/vendor/laravel/framework/src/Illuminate/Filesystem/Filesystem.php:135
Stack trace:
#0 [internal function]: Illuminate\Foundation\Bootstrap\HandleExceptions->handleError()
#1 /var/www/html/vendor/laravel/framework/src/Illuminate/Filesystem/Filesystem.php(135): file_put_contents()
#2 /var/www/html/vendor/laravel/framework/src/Illuminate/View/Compilers/BladeCompiler.php(150): Illuminate\Filesystem\Filesystem->put()
#3 /var/www/html/vendor/laravel/framework/src/Illuminate/View/Engines/CompilerEngine.php(51): Illuminate\View\Compilers\BladeCompiler->compile()
#4 /var/www/html/vendor/facade/ignition/src/Views/Engines/CompilerEngine.php(37): Illuminate\View\Engines\CompilerEngine->get()
#5 /var/www/html/vendor/laravel/framework/src/Illuminate/View/View.php(139): Facade\Ig...PHP message: PHP Fatal error:  Uncaught ErrorException: file_put_contents(E:\tindm\newit1\carrental\storage\framework\views/5ec98f73456acbfa9ca695d9d04acd7c7a76afc9.php): failed to open stream: No such file or directory in /var/www/html/vendor/laravel/framework/src/Illuminate/Filesystem/Filesystem.php:135
Stack trace:
#0 [internal function]: Illuminate\Foundation\Bootstrap\HandleExceptions->handleError()
#1 /var/www/html/vendor/laravel/framework/src/Illuminate/Filesystem/Filesystem.php(135): file_put_contents()
#2 /var/www/html/vendor/laravel/framework/src/Illuminate/View/Compilers/BladeCompiler.php(150): Illuminate\Filesystem\Filesystem->put()
#3 /var/www/html/vendor/laravel/framework/src/Illuminate/View/Engines/CompilerEngine.php(51): Illuminate\View\Compilers\BladeCompiler->compile()
#4 /var/www/html/vendor/facade/ignition/src/Views/Engines/CompilerEngine.php(37): Illuminate\View\Engines\CompilerEngine->get()
#5 /var/www/html/vendor/laravel/framework/s
2021/01/15 08:14:05 [error] 19#19: *2 FastCGI sent in stderr: "PHP message: PHP Fatal error:  Uncaught ErrorException: file_put_contents(E:\tindm\newit1\carrental\storage\framework\views/5ec98f73456acbfa9ca695d9d04acd7c7a76afc9.php): failed to open stream: No such file or directory in /var/www/html/vendor/laravel/framework/src/Illuminate/Filesystem/Filesystem.php:135
Stack trace:
#0 [internal function]: Illuminate\Foundation\Bootstrap\HandleExceptions->handleError()
#1 /var/www/html/vendor/laravel/framework/src/Illuminate/Filesystem/Filesystem.php(135): file_put_contents()
#2 /var/www/html/vendor/laravel/framework/src/Illuminate/View/Compilers/BladeCompiler.php(150): Illuminate\Filesystem\Filesystem->put()
#3 /var/www/html/vendor/laravel/framework/src/Illuminate/View/Engines/CompilerEngine.php(51): Illuminate\View\Compilers\BladeCompiler->compile()
#4 /var/www/html/vendor/facade/ignition/src/Views/Engines/CompilerEngine.php(37): Illuminate\View\Engines\CompilerEngine->get()
#5 /var/www/html/vendor/laravel/framework/src/Illuminate/View/View.php(139): Facade\Ig...PHP message: PHP Fatal error:  Uncaught ErrorException: file_put_contents(E:\tindm\newit1\carrental\storage\framework\views/5ec98f73456acbfa9ca695d9d04acd7c7a76afc9.php): failed to open stream: No such file or directory in /var/www/html/vendor/laravel/framework/src/Illuminate/Filesystem/Filesystem.php:135
Stack trace:
#0 [internal function]: Illuminate\Foundation\Bootstrap\HandleExceptions->handleError()
#1 /var/www/html/vendor/laravel/framework/src/Illuminate/Filesystem/Filesystem.php(135): file_put_contents()
#2 /var/www/html/vendor/laravel/framework/src/Illuminate/View/Compilers/BladeCompiler.php(150): Illuminate\Filesystem\Filesystem->put()
#3 /var/www/html/vendor/laravel/framework/src/Illuminate/View/Engines/CompilerEngine.php(51): Illuminate\View\Compilers\BladeCompiler->compile()
#4 /var/www/html/vendor/facade/ignition/src/Views/Engines/CompilerEngine.php(37): Illuminate\View\Engines\CompilerEngine->get()
#5 /var/www/html/vendor/laravel/framework/s
2021/01/15 08:14:05 [error] 19#19: *2 FastCGI sent in stderr: "PHP message: PHP Fatal error:  Uncaught ErrorException: file_put_contents(E:\tindm\newit1\carrental\storage\framework\views/5ec98f73456acbfa9ca695d9d04acd7c7a76afc9.php): failed to open stream: No such file or directory in /var/www/html/vendor/laravel/framework/src/Illuminate/Filesystem/Filesystem.php:135
Stack trace:
#0 [internal function]: Illuminate\Foundation\Bootstrap\HandleExceptions->handleError()
#1 /var/www/html/vendor/laravel/framework/src/Illuminate/Filesystem/Filesystem.php(135): file_put_contents()
#2 /var/www/html/vendor/laravel/framework/src/Illuminate/View/Compilers/BladeCompiler.php(150): Illuminate\Filesystem\Filesystem->put()
#3 /var/www/html/vendor/laravel/framework/src/Illuminate/View/Engines/CompilerEngine.php(51): Illuminate\View\Compilers\BladeCompiler->compile()
#4 /var/www/html/vendor/facade/ignition/src/Views/Engines/CompilerEngine.php(37): Illuminate\View\Engines\CompilerEngine->get()
#5 /var/www/html/vendor/laravel/framework/src/Illuminate/View/View.php(139): Facade\Ig...PHP message: PHP Fatal error:  Uncaught ErrorException: file_put_contents(E:\tindm\newit1\carrental\storage\framework\views/5ec98f73456acbfa9ca695d9d04acd7c7a76afc9.php): failed to open stream: No such file or directory in /var/www/html/vendor/laravel/framework/src/Illuminate/Filesystem/Filesystem.php:135
Stack trace:
#0 [internal function]: Illuminate\Foundation\Bootstrap\HandleExceptions->handleError()
#1 /var/www/html/vendor/laravel/framework/src/Illuminate/Filesystem/Filesystem.php(135): file_put_contents()
#2 /var/www/html/vendor/laravel/framework/src/Illuminate/View/Compilers/BladeCompiler.php(150): Illuminate\Filesystem\Filesystem->put()
#3 /var/www/html/vendor/laravel/framework/src/Illuminate/View/Engines/CompilerEngine.php(51): Illuminate\View\Compilers\BladeCompiler->compile()
#4 /var/www/html/vendor/facade/ignition/src/Views/Engines/CompilerEngine.php(37): Illuminate\View\Engines\CompilerEngine->get()
#5 /var/www/html/vendor/laravel/framework/s
2021/01/15 08:14:06 [error] 19#19: *2 FastCGI sent in stderr: "PHP message: PHP Fatal error:  Uncaught ErrorException: file_put_contents(E:\tindm\newit1\carrental\storage\framework\views/5ec98f73456acbfa9ca695d9d04acd7c7a76afc9.php): failed to open stream: No such file or directory in /var/www/html/vendor/laravel/framework/src/Illuminate/Filesystem/Filesystem.php:135
Stack trace:
#0 [internal function]: Illuminate\Foundation\Bootstrap\HandleExceptions->handleError()
#1 /var/www/html/vendor/laravel/framework/src/Illuminate/Filesystem/Filesystem.php(135): file_put_contents()
#2 /var/www/html/vendor/laravel/framework/src/Illuminate/View/Compilers/BladeCompiler.php(150): Illuminate\Filesystem\Filesystem->put()
#3 /var/www/html/vendor/laravel/framework/src/Illuminate/View/Engines/CompilerEngine.php(51): Illuminate\View\Compilers\BladeCompiler->compile()
#4 /var/www/html/vendor/facade/ignition/src/Views/Engines/CompilerEngine.php(37): Illuminate\View\Engines\CompilerEngine->get()
#5 /var/www/html/vendor/laravel/framework/src/Illuminate/View/View.php(139): Facade\Ig...PHP message: PHP Fatal error:  Uncaught ErrorException: file_put_contents(E:\tindm\newit1\carrental\storage\framework\views/5ec98f73456acbfa9ca695d9d04acd7c7a76afc9.php): failed to open stream: No such file or directory in /var/www/html/vendor/laravel/framework/src/Illuminate/Filesystem/Filesystem.php:135
Stack trace:
#0 [internal function]: Illuminate\Foundation\Bootstrap\HandleExceptions->handleError()
#1 /var/www/html/vendor/laravel/framework/src/Illuminate/Filesystem/Filesystem.php(135): file_put_contents()
#2 /var/www/html/vendor/laravel/framework/src/Illuminate/View/Compilers/BladeCompiler.php(150): Illuminate\Filesystem\Filesystem->put()
#3 /var/www/html/vendor/laravel/framework/src/Illuminate/View/Engines/CompilerEngine.php(51): Illuminate\View\Compilers\BladeCompiler->compile()
#4 /var/www/html/vendor/facade/ignition/src/Views/Engines/CompilerEngine.php(37): Illuminate\View\Engines\CompilerEngine->get()
#5 /var/www/html/vendor/laravel/framework/s
2021/01/15 08:14:06 [error] 19#19: *2 FastCGI sent in stderr: "PHP message: PHP Fatal error:  Uncaught ErrorException: file_put_contents(E:\tindm\newit1\carrental\storage\framework\views/5ec98f73456acbfa9ca695d9d04acd7c7a76afc9.php): failed to open stream: No such file or directory in /var/www/html/vendor/laravel/framework/src/Illuminate/Filesystem/Filesystem.php:135
Stack trace:
#0 [internal function]: Illuminate\Foundation\Bootstrap\HandleExceptions->handleError()
#1 /var/www/html/vendor/laravel/framework/src/Illuminate/Filesystem/Filesystem.php(135): file_put_contents()
#2 /var/www/html/vendor/laravel/framework/src/Illuminate/View/Compilers/BladeCompiler.php(150): Illuminate\Filesystem\Filesystem->put()
#3 /var/www/html/vendor/laravel/framework/src/Illuminate/View/Engines/CompilerEngine.php(51): Illuminate\View\Compilers\BladeCompiler->compile()
#4 /var/www/html/vendor/facade/ignition/src/Views/Engines/CompilerEngine.php(37): Illuminate\View\Engines\CompilerEngine->get()
#5 /var/www/html/vendor/laravel/framework/src/Illuminate/View/View.php(139): Facade\Ig...PHP message: PHP Fatal error:  Uncaught ErrorException: file_put_contents(E:\tindm\newit1\carrental\storage\framework\views/5ec98f73456acbfa9ca695d9d04acd7c7a76afc9.php): failed to open stream: No such file or directory in /var/www/html/vendor/laravel/framework/src/Illuminate/Filesystem/Filesystem.php:135
Stack trace:
#0 [internal function]: Illuminate\Foundation\Bootstrap\HandleExceptions->handleError()
#1 /var/www/html/vendor/laravel/framework/src/Illuminate/Filesystem/Filesystem.php(135): file_put_contents()
#2 /var/www/html/vendor/laravel/framework/src/Illuminate/View/Compilers/BladeCompiler.php(150): Illuminate\Filesystem\Filesystem->put()
#3 /var/www/html/vendor/laravel/framework/src/Illuminate/View/Engines/CompilerEngine.php(51): Illuminate\View\Compilers\BladeCompiler->compile()
#4 /var/www/html/vendor/facade/ignition/src/Views/Engines/CompilerEngine.php(37): Illuminate\View\Engines\CompilerEngine->get()
#5 /var/www/html/vendor/laravel/framework/s
2021/01/15 08:14:06 [error] 19#19: *2 FastCGI sent in stderr: "PHP message: PHP Fatal error:  Uncaught ErrorException: file_put_contents(E:\tindm\newit1\carrental\storage\framework\views/5ec98f73456acbfa9ca695d9d04acd7c7a76afc9.php): failed to open stream: No such file or directory in /var/www/html/vendor/laravel/framework/src/Illuminate/Filesystem/Filesystem.php:135
Stack trace:
#0 [internal function]: Illuminate\Foundation\Bootstrap\HandleExceptions->handleError()
#1 /var/www/html/vendor/laravel/framework/src/Illuminate/Filesystem/Filesystem.php(135): file_put_contents()
#2 /var/www/html/vendor/laravel/framework/src/Illuminate/View/Compilers/BladeCompiler.php(150): Illuminate\Filesystem\Filesystem->put()
#3 /var/www/html/vendor/laravel/framework/src/Illuminate/View/Engines/CompilerEngine.php(51): Illuminate\View\Compilers\BladeCompiler->compile()
#4 /var/www/html/vendor/facade/ignition/src/Views/Engines/CompilerEngine.php(37): Illuminate\View\Engines\CompilerEngine->get()
#5 /var/www/html/vendor/laravel/framework/src/Illuminate/View/View.php(139): Facade\Ig...PHP message: PHP Fatal error:  Uncaught ErrorException: file_put_contents(E:\tindm\newit1\carrental\storage\framework\views/5ec98f73456acbfa9ca695d9d04acd7c7a76afc9.php): failed to open stream: No such file or directory in /var/www/html/vendor/laravel/framework/src/Illuminate/Filesystem/Filesystem.php:135
Stack trace:
#0 [internal function]: Illuminate\Foundation\Bootstrap\HandleExceptions->handleError()
#1 /var/www/html/vendor/laravel/framework/src/Illuminate/Filesystem/Filesystem.php(135): file_put_contents()
#2 /var/www/html/vendor/laravel/framework/src/Illuminate/View/Compilers/BladeCompiler.php(150): Illuminate\Filesystem\Filesystem->put()
#3 /var/www/html/vendor/laravel/framework/src/Illuminate/View/Engines/CompilerEngine.php(51): Illuminate\View\Compilers\BladeCompiler->compile()
#4 /var/www/html/vendor/facade/ignition/src/Views/Engines/CompilerEngine.php(37): Illuminate\View\Engines\CompilerEngine->get()
#5 /var/www/html/vendor/laravel/framework/s
2021/01/15 08:14:07 [error] 19#19: *2 FastCGI sent in stderr: "PHP message: PHP Fatal error:  Uncaught ErrorException: file_put_contents(E:\tindm\newit1\carrental\storage\framework\views/5ec98f73456acbfa9ca695d9d04acd7c7a76afc9.php): failed to open stream: No such file or directory in /var/www/html/vendor/laravel/framework/src/Illuminate/Filesystem/Filesystem.php:135
Stack trace:
#0 [internal function]: Illuminate\Foundation\Bootstrap\HandleExceptions->handleError()
#1 /var/www/html/vendor/laravel/framework/src/Illuminate/Filesystem/Filesystem.php(135): file_put_contents()
#2 /var/www/html/vendor/laravel/framework/src/Illuminate/View/Compilers/BladeCompiler.php(150): Illuminate\Filesystem\Filesystem->put()
#3 /var/www/html/vendor/laravel/framework/src/Illuminate/View/Engines/CompilerEngine.php(51): Illuminate\View\Compilers\BladeCompiler->compile()
#4 /var/www/html/vendor/facade/ignition/src/Views/Engines/CompilerEngine.php(37): Illuminate\View\Engines\CompilerEngine->get()
#5 /var/www/html/vendor/laravel/framework/src/Illuminate/View/View.php(139): Facade\Ig...PHP message: PHP Fatal error:  Uncaught ErrorException: file_put_contents(E:\tindm\newit1\carrental\storage\framework\views/5ec98f73456acbfa9ca695d9d04acd7c7a76afc9.php): failed to open stream: No such file or directory in /var/www/html/vendor/laravel/framework/src/Illuminate/Filesystem/Filesystem.php:135
Stack trace:
#0 [internal function]: Illuminate\Foundation\Bootstrap\HandleExceptions->handleError()
#1 /var/www/html/vendor/laravel/framework/src/Illuminate/Filesystem/Filesystem.php(135): file_put_contents()
#2 /var/www/html/vendor/laravel/framework/src/Illuminate/View/Compilers/BladeCompiler.php(150): Illuminate\Filesystem\Filesystem->put()
#3 /var/www/html/vendor/laravel/framework/src/Illuminate/View/Engines/CompilerEngine.php(51): Illuminate\View\Compilers\BladeCompiler->compile()
#4 /var/www/html/vendor/facade/ignition/src/Views/Engines/CompilerEngine.php(37): Illuminate\View\Engines\CompilerEngine->get()
#5 /var/www/html/vendor/laravel/framework/s
2021/01/15 08:14:07 [error] 19#19: *2 FastCGI sent in stderr: "PHP message: PHP Fatal error:  Uncaught ErrorException: file_put_contents(E:\tindm\newit1\carrental\storage\framework\views/5ec98f73456acbfa9ca695d9d04acd7c7a76afc9.php): failed to open stream: No such file or directory in /var/www/html/vendor/laravel/framework/src/Illuminate/Filesystem/Filesystem.php:135
Stack trace:
#0 [internal function]: Illuminate\Foundation\Bootstrap\HandleExceptions->handleError()
#1 /var/www/html/vendor/laravel/framework/src/Illuminate/Filesystem/Filesystem.php(135): file_put_contents()
#2 /var/www/html/vendor/laravel/framework/src/Illuminate/View/Compilers/BladeCompiler.php(150): Illuminate\Filesystem\Filesystem->put()
#3 /var/www/html/vendor/laravel/framework/src/Illuminate/View/Engines/CompilerEngine.php(51): Illuminate\View\Compilers\BladeCompiler->compile()
#4 /var/www/html/vendor/facade/ignition/src/Views/Engines/CompilerEngine.php(37): Illuminate\View\Engines\CompilerEngine->get()
#5 /var/www/html/vendor/laravel/framework/src/Illuminate/View/View.php(139): Facade\Ig...PHP message: PHP Fatal error:  Uncaught ErrorException: file_put_contents(E:\tindm\newit1\carrental\storage\framework\views/5ec98f73456acbfa9ca695d9d04acd7c7a76afc9.php): failed to open stream: No such file or directory in /var/www/html/vendor/laravel/framework/src/Illuminate/Filesystem/Filesystem.php:135
Stack trace:
#0 [internal function]: Illuminate\Foundation\Bootstrap\HandleExceptions->handleError()
#1 /var/www/html/vendor/laravel/framework/src/Illuminate/Filesystem/Filesystem.php(135): file_put_contents()
#2 /var/www/html/vendor/laravel/framework/src/Illuminate/View/Compilers/BladeCompiler.php(150): Illuminate\Filesystem\Filesystem->put()
#3 /var/www/html/vendor/laravel/framework/src/Illuminate/View/Engines/CompilerEngine.php(51): Illuminate\View\Compilers\BladeCompiler->compile()
#4 /var/www/html/vendor/facade/ignition/src/Views/Engines/CompilerEngine.php(37): Illuminate\View\Engines\CompilerEngine->get()
#5 /var/www/html/vendor/laravel/framework/s
2021/01/15 08:14:08 [error] 19#19: *2 FastCGI sent in stderr: "PHP message: PHP Fatal error:  Uncaught ErrorException: file_put_contents(E:\tindm\newit1\carrental\storage\framework\views/5ec98f73456acbfa9ca695d9d04acd7c7a76afc9.php): failed to open stream: No such file or directory in /var/www/html/vendor/laravel/framework/src/Illuminate/Filesystem/Filesystem.php:135
Stack trace:
#0 [internal function]: Illuminate\Foundation\Bootstrap\HandleExceptions->handleError()
#1 /var/www/html/vendor/laravel/framework/src/Illuminate/Filesystem/Filesystem.php(135): file_put_contents()
#2 /var/www/html/vendor/laravel/framework/src/Illuminate/View/Compilers/BladeCompiler.php(150): Illuminate\Filesystem\Filesystem->put()
#3 /var/www/html/vendor/laravel/framework/src/Illuminate/View/Engines/CompilerEngine.php(51): Illuminate\View\Compilers\BladeCompiler->compile()
#4 /var/www/html/vendor/facade/ignition/src/Views/Engines/CompilerEngine.php(37): Illuminate\View\Engines\CompilerEngine->get()
#5 /var/www/html/vendor/laravel/framework/src/Illuminate/View/View.php(139): Facade\Ig...PHP message: PHP Fatal error:  Uncaught ErrorException: file_put_contents(E:\tindm\newit1\carrental\storage\framework\views/5ec98f73456acbfa9ca695d9d04acd7c7a76afc9.php): failed to open stream: No such file or directory in /var/www/html/vendor/laravel/framework/src/Illuminate/Filesystem/Filesystem.php:135
Stack trace:
#0 [internal function]: Illuminate\Foundation\Bootstrap\HandleExceptions->handleError()
#1 /var/www/html/vendor/laravel/framework/src/Illuminate/Filesystem/Filesystem.php(135): file_put_contents()
#2 /var/www/html/vendor/laravel/framework/src/Illuminate/View/Compilers/BladeCompiler.php(150): Illuminate\Filesystem\Filesystem->put()
#3 /var/www/html/vendor/laravel/framework/src/Illuminate/View/Engines/CompilerEngine.php(51): Illuminate\View\Compilers\BladeCompiler->compile()
#4 /var/www/html/vendor/facade/ignition/src/Views/Engines/CompilerEngine.php(37): Illuminate\View\Engines\CompilerEngine->get()
#5 /var/www/html/vendor/laravel/framework/s
2021/01/15 08:14:08 [error] 19#19: *2 FastCGI sent in stderr: "PHP message: PHP Fatal error:  Uncaught ErrorException: file_put_contents(E:\tindm\newit1\carrental\storage\framework\views/5ec98f73456acbfa9ca695d9d04acd7c7a76afc9.php): failed to open stream: No such file or directory in /var/www/html/vendor/laravel/framework/src/Illuminate/Filesystem/Filesystem.php:135
Stack trace:
#0 [internal function]: Illuminate\Foundation\Bootstrap\HandleExceptions->handleError()
#1 /var/www/html/vendor/laravel/framework/src/Illuminate/Filesystem/Filesystem.php(135): file_put_contents()
#2 /var/www/html/vendor/laravel/framework/src/Illuminate/View/Compilers/BladeCompiler.php(150): Illuminate\Filesystem\Filesystem->put()
#3 /var/www/html/vendor/laravel/framework/src/Illuminate/View/Engines/CompilerEngine.php(51): Illuminate\View\Compilers\BladeCompiler->compile()
#4 /var/www/html/vendor/facade/ignition/src/Views/Engines/CompilerEngine.php(37): Illuminate\View\Engines\CompilerEngine->get()
#5 /var/www/html/vendor/laravel/framework/src/Illuminate/View/View.php(139): Facade\Ig...PHP message: PHP Fatal error:  Uncaught ErrorException: file_put_contents(E:\tindm\newit1\carrental\storage\framework\views/5ec98f73456acbfa9ca695d9d04acd7c7a76afc9.php): failed to open stream: No such file or directory in /var/www/html/vendor/laravel/framework/src/Illuminate/Filesystem/Filesystem.php:135
Stack trace:
#0 [internal function]: Illuminate\Foundation\Bootstrap\HandleExceptions->handleError()
#1 /var/www/html/vendor/laravel/framework/src/Illuminate/Filesystem/Filesystem.php(135): file_put_contents()
#2 /var/www/html/vendor/laravel/framework/src/Illuminate/View/Compilers/BladeCompiler.php(150): Illuminate\Filesystem\Filesystem->put()
#3 /var/www/html/vendor/laravel/framework/src/Illuminate/View/Engines/CompilerEngine.php(51): Illuminate\View\Compilers\BladeCompiler->compile()
#4 /var/www/html/vendor/facade/ignition/src/Views/Engines/CompilerEngine.php(37): Illuminate\View\Engines\CompilerEngine->get()
#5 /var/www/html/vendor/laravel/framework/s
2021/01/15 08:14:16 [error] 19#19: *31 FastCGI sent in stderr: "PHP message: PHP Fatal error:  Uncaught ErrorException: file_put_contents(E:\tindm\newit1\carrental\storage\framework\views/5ec98f73456acbfa9ca695d9d04acd7c7a76afc9.php): failed to open stream: No such file or directory in /var/www/html/vendor/laravel/framework/src/Illuminate/Filesystem/Filesystem.php:135
Stack trace:
#0 [internal function]: Illuminate\Foundation\Bootstrap\HandleExceptions->handleError()
#1 /var/www/html/vendor/laravel/framework/src/Illuminate/Filesystem/Filesystem.php(135): file_put_contents()
#2 /var/www/html/vendor/laravel/framework/src/Illuminate/View/Compilers/BladeCompiler.php(150): Illuminate\Filesystem\Filesystem->put()
#3 /var/www/html/vendor/laravel/framework/src/Illuminate/View/Engines/CompilerEngine.php(51): Illuminate\View\Compilers\BladeCompiler->compile()
#4 /var/www/html/vendor/facade/ignition/src/Views/Engines/CompilerEngine.php(37): Illuminate\View\Engines\CompilerEngine->get()
#5 /var/www/html/vendor/laravel/framework/src/Illuminate/View/View.php(139): Facade\Ig...PHP message: PHP Fatal error:  Uncaught ErrorException: file_put_contents(E:\tindm\newit1\carrental\storage\framework\views/5ec98f73456acbfa9ca695d9d04acd7c7a76afc9.php): failed to open stream: No such file or directory in /var/www/html/vendor/laravel/framework/src/Illuminate/Filesystem/Filesystem.php:135
Stack trace:
#0 [internal function]: Illuminate\Foundation\Bootstrap\HandleExceptions->handleError()
#1 /var/www/html/vendor/laravel/framework/src/Illuminate/Filesystem/Filesystem.php(135): file_put_contents()
#2 /var/www/html/vendor/laravel/framework/src/Illuminate/View/Compilers/BladeCompiler.php(150): Illuminate\Filesystem\Filesystem->put()
#3 /var/www/html/vendor/laravel/framework/src/Illuminate/View/Engines/CompilerEngine.php(51): Illuminate\View\Compilers\BladeCompiler->compile()
#4 /var/www/html/vendor/facade/ignition/src/Views/Engines/CompilerEngine.php(37): Illuminate\View\Engines\CompilerEngine->get()
#5 /var/www/html/vendor/laravel/framework/
2021/01/15 09:07:45 [error] 19#19: *1 FastCGI sent in stderr: "PHP message: PHP Fatal error:  Uncaught ErrorException: file_put_contents(E:\tindm\newit1\carrental\storage\framework\views/5ec98f73456acbfa9ca695d9d04acd7c7a76afc9.php): failed to open stream: No such file or directory in /var/www/html/vendor/laravel/framework/src/Illuminate/Filesystem/Filesystem.php:135
Stack trace:
#0 [internal function]: Illuminate\Foundation\Bootstrap\HandleExceptions->handleError()
#1 /var/www/html/vendor/laravel/framework/src/Illuminate/Filesystem/Filesystem.php(135): file_put_contents()
#2 /var/www/html/vendor/laravel/framework/src/Illuminate/View/Compilers/BladeCompiler.php(150): Illuminate\Filesystem\Filesystem->put()
#3 /var/www/html/vendor/laravel/framework/src/Illuminate/View/Engines/CompilerEngine.php(51): Illuminate\View\Compilers\BladeCompiler->compile()
#4 /var/www/html/vendor/facade/ignition/src/Views/Engines/CompilerEngine.php(37): Illuminate\View\Engines\CompilerEngine->get()
#5 /var/www/html/vendor/laravel/framework/src/Illuminate/View/View.php(139): Facade\Ig...PHP message: PHP Fatal error:  Uncaught ErrorException: file_put_contents(E:\tindm\newit1\carrental\storage\framework\views/5ec98f73456acbfa9ca695d9d04acd7c7a76afc9.php): failed to open stream: No such file or directory in /var/www/html/vendor/laravel/framework/src/Illuminate/Filesystem/Filesystem.php:135
Stack trace:
#0 [internal function]: Illuminate\Foundation\Bootstrap\HandleExceptions->handleError()
#1 /var/www/html/vendor/laravel/framework/src/Illuminate/Filesystem/Filesystem.php(135): file_put_contents()
#2 /var/www/html/vendor/laravel/framework/src/Illuminate/View/Compilers/BladeCompiler.php(150): Illuminate\Filesystem\Filesystem->put()
#3 /var/www/html/vendor/laravel/framework/src/Illuminate/View/Engines/CompilerEngine.php(51): Illuminate\View\Compilers\BladeCompiler->compile()
#4 /var/www/html/vendor/facade/ignition/src/Views/Engines/CompilerEngine.php(37): Illuminate\View\Engines\CompilerEngine->get()
#5 /var/www/html/vendor/laravel/framework/s
2021/01/15 09:10:39 [error] 19#19: *4 FastCGI sent in stderr: "PHP message: PHP Fatal error:  Uncaught ErrorException: file_put_contents(E:\tindm\newit1\carrental\storage\framework\views/5ec98f73456acbfa9ca695d9d04acd7c7a76afc9.php): failed to open stream: No such file or directory in /var/www/html/vendor/laravel/framework/src/Illuminate/Filesystem/Filesystem.php:135
Stack trace:
#0 [internal function]: Illuminate\Foundation\Bootstrap\HandleExceptions->handleError()
#1 /var/www/html/vendor/laravel/framework/src/Illuminate/Filesystem/Filesystem.php(135): file_put_contents()
#2 /var/www/html/vendor/laravel/framework/src/Illuminate/View/Compilers/BladeCompiler.php(150): Illuminate\Filesystem\Filesystem->put()
#3 /var/www/html/vendor/laravel/framework/src/Illuminate/View/Engines/CompilerEngine.php(51): Illuminate\View\Compilers\BladeCompiler->compile()
#4 /var/www/html/vendor/facade/ignition/src/Views/Engines/CompilerEngine.php(37): Illuminate\View\Engines\CompilerEngine->get()
#5 /var/www/html/vendor/laravel/framework/src/Illuminate/View/View.php(139): Facade\Ig...PHP message: PHP Fatal error:  Uncaught ErrorException: file_put_contents(E:\tindm\newit1\carrental\storage\framework\views/5ec98f73456acbfa9ca695d9d04acd7c7a76afc9.php): failed to open stream: No such file or directory in /var/www/html/vendor/laravel/framework/src/Illuminate/Filesystem/Filesystem.php:135
Stack trace:
#0 [internal function]: Illuminate\Foundation\Bootstrap\HandleExceptions->handleError()
#1 /var/www/html/vendor/laravel/framework/src/Illuminate/Filesystem/Filesystem.php(135): file_put_contents()
#2 /var/www/html/vendor/laravel/framework/src/Illuminate/View/Compilers/BladeCompiler.php(150): Illuminate\Filesystem\Filesystem->put()
#3 /var/www/html/vendor/laravel/framework/src/Illuminate/View/Engines/CompilerEngine.php(51): Illuminate\View\Compilers\BladeCompiler->compile()
#4 /var/www/html/vendor/facade/ignition/src/Views/Engines/CompilerEngine.php(37): Illuminate\View\Engines\CompilerEngine->get()
#5 /var/www/html/vendor/laravel/framework/s
2021/01/15 09:11:45 [error] 19#19: *7 FastCGI sent in stderr: "PHP message: PHP Fatal error:  Uncaught ErrorException: file_put_contents(E:\tindm\newit1\carrental\storage\framework\views/5ec98f73456acbfa9ca695d9d04acd7c7a76afc9.php): failed to open stream: No such file or directory in /var/www/html/vendor/laravel/framework/src/Illuminate/Filesystem/Filesystem.php:135
Stack trace:
#0 [internal function]: Illuminate\Foundation\Bootstrap\HandleExceptions->handleError()
#1 /var/www/html/vendor/laravel/framework/src/Illuminate/Filesystem/Filesystem.php(135): file_put_contents()
#2 /var/www/html/vendor/laravel/framework/src/Illuminate/View/Compilers/BladeCompiler.php(150): Illuminate\Filesystem\Filesystem->put()
#3 /var/www/html/vendor/laravel/framework/src/Illuminate/View/Engines/CompilerEngine.php(51): Illuminate\View\Compilers\BladeCompiler->compile()
#4 /var/www/html/vendor/facade/ignition/src/Views/Engines/CompilerEngine.php(37): Illuminate\View\Engines\CompilerEngine->get()
#5 /var/www/html/vendor/laravel/framework/src/Illuminate/View/View.php(139): Facade\Ig...PHP message: PHP Fatal error:  Uncaught ErrorException: file_put_contents(E:\tindm\newit1\carrental\storage\framework\views/5ec98f73456acbfa9ca695d9d04acd7c7a76afc9.php): failed to open stream: No such file or directory in /var/www/html/vendor/laravel/framework/src/Illuminate/Filesystem/Filesystem.php:135
Stack trace:
#0 [internal function]: Illuminate\Foundation\Bootstrap\HandleExceptions->handleError()
#1 /var/www/html/vendor/laravel/framework/src/Illuminate/Filesystem/Filesystem.php(135): file_put_contents()
#2 /var/www/html/vendor/laravel/framework/src/Illuminate/View/Compilers/BladeCompiler.php(150): Illuminate\Filesystem\Filesystem->put()
#3 /var/www/html/vendor/laravel/framework/src/Illuminate/View/Engines/CompilerEngine.php(51): Illuminate\View\Compilers\BladeCompiler->compile()
#4 /var/www/html/vendor/facade/ignition/src/Views/Engines/CompilerEngine.php(37): Illuminate\View\Engines\CompilerEngine->get()
#5 /var/www/html/vendor/laravel/framework/s
2021/01/15 09:36:50 [error] 18#18: *2 FastCGI sent in stderr: "PHP message: PHP Fatal error:  Uncaught ErrorException: file_put_contents(E:\tindm\newit1\carrental\storage\framework\views/5ec98f73456acbfa9ca695d9d04acd7c7a76afc9.php): failed to open stream: No such file or directory in /var/www/html/vendor/laravel/framework/src/Illuminate/Filesystem/Filesystem.php:135
Stack trace:
#0 [internal function]: Illuminate\Foundation\Bootstrap\HandleExceptions->handleError()
#1 /var/www/html/vendor/laravel/framework/src/Illuminate/Filesystem/Filesystem.php(135): file_put_contents()
#2 /var/www/html/vendor/laravel/framework/src/Illuminate/View/Compilers/BladeCompiler.php(150): Illuminate\Filesystem\Filesystem->put()
#3 /var/www/html/vendor/laravel/framework/src/Illuminate/View/Engines/CompilerEngine.php(51): Illuminate\View\Compilers\BladeCompiler->compile()
#4 /var/www/html/vendor/facade/ignition/src/Views/Engines/CompilerEngine.php(37): Illuminate\View\Engines\CompilerEngine->get()
#5 /var/www/html/vendor/laravel/framework/src/Illuminate/View/View.php(139): Facade\Ig...PHP message: PHP Fatal error:  Uncaught ErrorException: file_put_contents(E:\tindm\newit1\carrental\storage\framework\views/5ec98f73456acbfa9ca695d9d04acd7c7a76afc9.php): failed to open stream: No such file or directory in /var/www/html/vendor/laravel/framework/src/Illuminate/Filesystem/Filesystem.php:135
Stack trace:
#0 [internal function]: Illuminate\Foundation\Bootstrap\HandleExceptions->handleError()
#1 /var/www/html/vendor/laravel/framework/src/Illuminate/Filesystem/Filesystem.php(135): file_put_contents()
#2 /var/www/html/vendor/laravel/framework/src/Illuminate/View/Compilers/BladeCompiler.php(150): Illuminate\Filesystem\Filesystem->put()
#3 /var/www/html/vendor/laravel/framework/src/Illuminate/View/Engines/CompilerEngine.php(51): Illuminate\View\Compilers\BladeCompiler->compile()
#4 /var/www/html/vendor/facade/ignition/src/Views/Engines/CompilerEngine.php(37): Illuminate\View\Engines\CompilerEngine->get()
#5 /var/www/html/vendor/laravel/framework/s
2021/01/18 01:04:19 [error] 19#19: *1 FastCGI sent in stderr: "PHP message: PHP Fatal error:  Uncaught ErrorException: file_put_contents(E:\tindm\newit1\carrental\storage\framework\views/5ec98f73456acbfa9ca695d9d04acd7c7a76afc9.php): failed to open stream: No such file or directory in /var/www/html/vendor/laravel/framework/src/Illuminate/Filesystem/Filesystem.php:135
Stack trace:
#0 [internal function]: Illuminate\Foundation\Bootstrap\HandleExceptions->handleError()
#1 /var/www/html/vendor/laravel/framework/src/Illuminate/Filesystem/Filesystem.php(135): file_put_contents()
#2 /var/www/html/vendor/laravel/framework/src/Illuminate/View/Compilers/BladeCompiler.php(150): Illuminate\Filesystem\Filesystem->put()
#3 /var/www/html/vendor/laravel/framework/src/Illuminate/View/Engines/CompilerEngine.php(51): Illuminate\View\Compilers\BladeCompiler->compile()
#4 /var/www/html/vendor/facade/ignition/src/Views/Engines/CompilerEngine.php(37): Illuminate\View\Engines\CompilerEngine->get()
#5 /var/www/html/vendor/laravel/framework/src/Illuminate/View/View.php(139): Facade\Ig...PHP message: PHP Fatal error:  Uncaught ErrorException: file_put_contents(E:\tindm\newit1\carrental\storage\framework\views/5ec98f73456acbfa9ca695d9d04acd7c7a76afc9.php): failed to open stream: No such file or directory in /var/www/html/vendor/laravel/framework/src/Illuminate/Filesystem/Filesystem.php:135
Stack trace:
#0 [internal function]: Illuminate\Foundation\Bootstrap\HandleExceptions->handleError()
#1 /var/www/html/vendor/laravel/framework/src/Illuminate/Filesystem/Filesystem.php(135): file_put_contents()
#2 /var/www/html/vendor/laravel/framework/src/Illuminate/View/Compilers/BladeCompiler.php(150): Illuminate\Filesystem\Filesystem->put()
#3 /var/www/html/vendor/laravel/framework/src/Illuminate/View/Engines/CompilerEngine.php(51): Illuminate\View\Compilers\BladeCompiler->compile()
#4 /var/www/html/vendor/facade/ignition/src/Views/Engines/CompilerEngine.php(37): Illuminate\View\Engines\CompilerEngine->get()
#5 /var/www/html/vendor/laravel/framework/s
2021/01/19 07:06:24 [error] 21#21: *6 open() "/var/www/html/public/jquery.datatimepicker.min.css" failed (2: No such file or directory), client: 172.19.0.1, server: , request: "GET /jquery.datatimepicker.min.css HTTP/1.1", host: "localhost:8080", referrer: "http://localhost:8080/to-ren"
2021/01/19 07:06:25 [error] 21#21: *6 open() "/var/www/html/public/css/nice-select.css" failed (2: No such file or directory), client: 172.19.0.1, server: , request: "GET /css/nice-select.css HTTP/1.1", host: "localhost:8080", referrer: "http://localhost:8080/css/style.css"
2021/01/19 07:06:25 [error] 21#21: *14 open() "/var/www/html/public/css/owl.video.play.png" failed (2: No such file or directory), client: 172.19.0.1, server: , request: "GET /css/owl.video.play.png HTTP/1.1", host: "localhost:8080", referrer: "http://localhost:8080/to-ren"
2021/01/19 07:06:25 [error] 20#20: *11 open() "/var/www/html/public/css/images/ui-icons_ffffff_256x240.png" failed (2: No such file or directory), client: 172.19.0.1, server: , request: "GET /css/images/ui-icons_ffffff_256x240.png HTTP/1.1", host: "localhost:8080", referrer: "http://localhost:8080/to-ren"
2021/01/19 07:06:25 [error] 21#21: *13 open() "/var/www/html/public/css/images/ui-icons_444444_256x240.png" failed (2: No such file or directory), client: 172.19.0.1, server: , request: "GET /css/images/ui-icons_444444_256x240.png HTTP/1.1", host: "localhost:8080", referrer: "http://localhost:8080/to-ren"
2021/01/19 07:06:25 [error] 20#20: *12 open() "/var/www/html/public/css/images/ui-icons_555555_256x240.png" failed (2: No such file or directory), client: 172.19.0.1, server: , request: "GET /css/images/ui-icons_555555_256x240.png HTTP/1.1", host: "localhost:8080", referrer: "http://localhost:8080/to-ren"
2021/01/19 07:06:25 [error] 21#21: *14 open() "/var/www/html/public/css/images/ui-icons_777777_256x240.png" failed (2: No such file or directory), client: 172.19.0.1, server: , request: "GET /css/images/ui-icons_777777_256x240.png HTTP/1.1", host: "localhost:8080", referrer: "http://localhost:8080/to-ren"
2021/01/19 07:06:25 [error] 20#20: *10 open() "/var/www/html/public/css/images/ui-icons_777620_256x240.png" failed (2: No such file or directory), client: 172.19.0.1, server: , request: "GET /css/images/ui-icons_777620_256x240.png HTTP/1.1", host: "localhost:8080", referrer: "http://localhost:8080/to-ren"
2021/01/19 07:06:25 [error] 20#20: *4 open() "/var/www/html/public/css/images/ui-icons_cc0000_256x240.png" failed (2: No such file or directory), client: 172.19.0.1, server: , request: "GET /css/images/ui-icons_cc0000_256x240.png HTTP/1.1", host: "localhost:8080", referrer: "http://localhost:8080/to-ren"
2021/01/19 07:06:26 [error] 21#21: *6 open() "/var/www/html/public/images/favicon.ico" failed (2: No such file or directory), client: 172.19.0.1, server: , request: "GET /images/favicon.ico HTTP/1.1", host: "localhost:8080", referrer: "http://localhost:8080/to-ren"
2021/01/19 07:06:28 [error] 21#21: *6 open() "/var/www/html/public/jquery.datatimepicker.min.css" failed (2: No such file or directory), client: 172.19.0.1, server: , request: "GET /jquery.datatimepicker.min.css HTTP/1.1", host: "localhost:8080", referrer: "http://localhost:8080/login"
2021/01/19 07:06:28 [error] 21#21: *7 open() "/var/www/html/public/css/app.css" failed (2: No such file or directory), client: 172.19.0.1, server: , request: "GET /css/app.css HTTP/1.1", host: "localhost:8080", referrer: "http://localhost:8080/login"
2021/01/19 07:06:28 [error] 21#21: *7 open() "/var/www/html/public/js/app.js" failed (2: No such file or directory), client: 172.19.0.1, server: , request: "GET /js/app.js HTTP/1.1", host: "localhost:8080", referrer: "http://localhost:8080/login"
2021/01/19 07:06:28 [error] 21#21: *7 open() "/var/www/html/public/css/nice-select.css" failed (2: No such file or directory), client: 172.19.0.1, server: , request: "GET /css/nice-select.css HTTP/1.1", host: "localhost:8080", referrer: "http://localhost:8080/css/style.css"
2021/01/19 07:06:29 [error] 21#21: *6 open() "/var/www/html/public/css/app.css" failed (2: No such file or directory), client: 172.19.0.1, server: , request: "GET /css/app.css HTTP/1.1", host: "localhost:8080", referrer: "http://localhost:8080/login"
2021/01/19 07:06:29 [error] 21#21: *7 open() "/var/www/html/public/js/app.js" failed (2: No such file or directory), client: 172.19.0.1, server: , request: "GET /js/app.js HTTP/1.1", host: "localhost:8080", referrer: "http://localhost:8080/login"
2021/01/19 07:06:29 [error] 21#21: *7 open() "/var/www/html/public/css/app.css" failed (2: No such file or directory), client: 172.19.0.1, server: , request: "GET /css/app.css HTTP/1.1", host: "localhost:8080", referrer: "http://localhost:8080/login"
2021/01/19 07:06:30 [error] 21#21: *7 open() "/var/www/html/public/jquery.datatimepicker.min.css" failed (2: No such file or directory), client: 172.19.0.1, server: , request: "GET /jquery.datatimepicker.min.css HTTP/1.1", host: "localhost:8080", referrer: "http://localhost:8080/to-ren"
2021/01/19 07:06:30 [error] 21#21: *7 open() "/var/www/html/public/css/nice-select.css" failed (2: No such file or directory), client: 172.19.0.1, server: , request: "GET /css/nice-select.css HTTP/1.1", host: "localhost:8080", referrer: "http://localhost:8080/css/style.css"
2021/01/19 07:06:40 [error] 21#21: *7 open() "/var/www/html/public/jquery.datatimepicker.min.css" failed (2: No such file or directory), client: 172.19.0.1, server: , request: "GET /jquery.datatimepicker.min.css HTTP/1.1", host: "localhost:8080", referrer: "http://localhost:8080/to-ren"
2021/01/19 07:06:40 [error] 21#21: *7 open() "/var/www/html/public/css/nice-select.css" failed (2: No such file or directory), client: 172.19.0.1, server: , request: "GET /css/nice-select.css HTTP/1.1", host: "localhost:8080", referrer: "http://localhost:8080/css/style.css"
2021/01/19 07:07:09 [error] 21#21: *7 open() "/var/www/html/public/jquery.datatimepicker.min.css" failed (2: No such file or directory), client: 172.19.0.1, server: , request: "GET /jquery.datatimepicker.min.css HTTP/1.1", host: "localhost:8080", referrer: "http://localhost:8080/user-info"
2021/01/19 07:07:09 [error] 21#21: *7 open() "/var/www/html/public/css/nice-select.css" failed (2: No such file or directory), client: 172.19.0.1, server: , request: "GET /css/nice-select.css HTTP/1.1", host: "localhost:8080", referrer: "http://localhost:8080/css/style.css"
2021/01/19 07:07:15 [error] 21#21: *7 open() "/var/www/html/public/jquery.datatimepicker.min.css" failed (2: No such file or directory), client: 172.19.0.1, server: , request: "GET /jquery.datatimepicker.min.css HTTP/1.1", host: "localhost:8080", referrer: "http://localhost:8080/to-ren"
2021/01/19 07:07:15 [error] 21#21: *7 open() "/var/www/html/public/css/nice-select.css" failed (2: No such file or directory), client: 172.19.0.1, server: , request: "GET /css/nice-select.css HTTP/1.1", host: "localhost:8080", referrer: "http://localhost:8080/css/style.css"
2021/01/19 07:07:20 [error] 21#21: *7 open() "/var/www/html/public/jquery.datatimepicker.min.css" failed (2: No such file or directory), client: 172.19.0.1, server: , request: "GET /jquery.datatimepicker.min.css HTTP/1.1", host: "localhost:8080", referrer: "http://localhost:8080/to-ren"
2021/01/19 07:07:20 [error] 21#21: *7 open() "/var/www/html/public/css/nice-select.css" failed (2: No such file or directory), client: 172.19.0.1, server: , request: "GET /css/nice-select.css HTTP/1.1", host: "localhost:8080", referrer: "http://localhost:8080/css/style.css"
2021/01/19 07:07:54 [error] 21#21: *7 open() "/var/www/html/public/jquery.datatimepicker.min.css" failed (2: No such file or directory), client: 172.19.0.1, server: , request: "GET /jquery.datatimepicker.min.css HTTP/1.1", host: "localhost:8080", referrer: "http://localhost:8080/search?key=h0"
2021/01/19 07:07:54 [error] 21#21: *7 open() "/var/www/html/public/css/nice-select.css" failed (2: No such file or directory), client: 172.19.0.1, server: , request: "GET /css/nice-select.css HTTP/1.1", host: "localhost:8080", referrer: "http://localhost:8080/css/style.css"
2021/01/19 07:08:09 [error] 21#21: *7 open() "/var/www/html/public/jquery.datatimepicker.min.css" failed (2: No such file or directory), client: 172.19.0.1, server: , request: "GET /jquery.datatimepicker.min.css HTTP/1.1", host: "localhost:8080", referrer: "http://localhost:8080/to-ren"
2021/01/19 07:08:09 [error] 21#21: *7 open() "/var/www/html/public/css/nice-select.css" failed (2: No such file or directory), client: 172.19.0.1, server: , request: "GET /css/nice-select.css HTTP/1.1", host: "localhost:8080", referrer: "http://localhost:8080/css/style.css"
2021/01/19 07:14:57 [error] 20#20: *1 open() "/var/www/html/public/jquery.datatimepicker.min.css" failed (2: No such file or directory), client: 172.19.0.1, server: , request: "GET /jquery.datatimepicker.min.css HTTP/1.1", host: "localhost:8080", referrer: "http://localhost:8080/to-ren"
2021/01/19 07:14:57 [error] 20#20: *1 open() "/var/www/html/public/css/nice-select.css" failed (2: No such file or directory), client: 172.19.0.1, server: , request: "GET /css/nice-select.css HTTP/1.1", host: "localhost:8080", referrer: "http://localhost:8080/css/style.css"
2021/01/19 07:15:09 [error] 20#20: *1 open() "/var/www/html/public/css/nice-select.css" failed (2: No such file or directory), client: 172.19.0.1, server: , request: "GET /css/nice-select.css HTTP/1.1", host: "localhost:8080", referrer: "http://localhost:8080/to-ren"
2021/01/19 07:15:09 [error] 20#20: *1 open() "/var/www/html/public/jquery.datatimepicker.min.css" failed (2: No such file or directory), client: 172.19.0.1, server: , request: "GET /jquery.datatimepicker.min.css HTTP/1.1", host: "localhost:8080", referrer: "http://localhost:8080/to-ren"
2021/01/19 07:15:12 [error] 20#20: *6 open() "/var/www/html/public/jquery.datatimepicker.min.css" failed (2: No such file or directory), client: 172.19.0.1, server: , request: "GET /jquery.datatimepicker.min.css HTTP/1.1", host: "localhost:8080", referrer: "http://localhost:8080/to-ren"
2021/01/19 07:15:13 [error] 20#20: *6 open() "/var/www/html/public/css/nice-select.css" failed (2: No such file or directory), client: 172.19.0.1, server: , request: "GET /css/nice-select.css HTTP/1.1", host: "localhost:8080", referrer: "http://localhost:8080/css/style.css"
2021/01/19 07:15:13 [error] 20#20: *13 open() "/var/www/html/public/images/all-bg-title.jpg" failed (2: No such file or directory), client: 172.19.0.1, server: , request: "GET /images/all-bg-title.jpg HTTP/1.1", host: "localhost:8080", referrer: "http://localhost:8080/to-ren"
2021/01/19 07:15:13 [error] 19#19: *2 open() "/var/www/html/public/jquery.datatimepicker.min.css" failed (2: No such file or directory), client: 172.19.0.1, server: , request: "GET /jquery.datatimepicker.min.css HTTP/1.1", host: "localhost:8080", referrer: "http://localhost:8080/to-ren?page=2"
2021/01/19 07:15:13 [error] 19#19: *2 open() "/var/www/html/public/css/nice-select.css" failed (2: No such file or directory), client: 172.19.0.1, server: , request: "GET /css/nice-select.css HTTP/1.1", host: "localhost:8080", referrer: "http://localhost:8080/css/style.css"
2021/01/19 07:15:14 [error] 19#19: *18 open() "/var/www/html/public/css/owl.video.play.png" failed (2: No such file or directory), client: 172.19.0.1, server: , request: "GET /css/owl.video.play.png HTTP/1.1", host: "localhost:8080", referrer: "http://localhost:8080/to-ren?page=2"
2021/01/19 07:15:14 [error] 20#20: *16 open() "/var/www/html/public/css/images/ui-icons_444444_256x240.png" failed (2: No such file or directory), client: 172.19.0.1, server: , request: "GET /css/images/ui-icons_444444_256x240.png HTTP/1.1", host: "localhost:8080", referrer: "http://localhost:8080/to-ren?page=2"
2021/01/19 07:15:14 [error] 19#19: *18 open() "/var/www/html/public/css/images/ui-icons_555555_256x240.png" failed (2: No such file or directory), client: 172.19.0.1, server: , request: "GET /css/images/ui-icons_555555_256x240.png HTTP/1.1", host: "localhost:8080", referrer: "http://localhost:8080/to-ren?page=2"
2021/01/19 07:15:14 [error] 19#19: *17 open() "/var/www/html/public/css/images/ui-icons_ffffff_256x240.png" failed (2: No such file or directory), client: 172.19.0.1, server: , request: "GET /css/images/ui-icons_ffffff_256x240.png HTTP/1.1", host: "localhost:8080", referrer: "http://localhost:8080/to-ren?page=2"
2021/01/19 07:15:14 [error] 20#20: *15 open() "/var/www/html/public/css/images/ui-icons_777620_256x240.png" failed (2: No such file or directory), client: 172.19.0.1, server: , request: "GET /css/images/ui-icons_777620_256x240.png HTTP/1.1", host: "localhost:8080", referrer: "http://localhost:8080/to-ren?page=2"
2021/01/19 07:15:14 [error] 19#19: *18 open() "/var/www/html/public/css/images/ui-icons_777777_256x240.png" failed (2: No such file or directory), client: 172.19.0.1, server: , request: "GET /css/images/ui-icons_777777_256x240.png HTTP/1.1", host: "localhost:8080", referrer: "http://localhost:8080/to-ren?page=2"
2021/01/19 07:15:14 [error] 20#20: *16 open() "/var/www/html/public/css/images/ui-icons_cc0000_256x240.png" failed (2: No such file or directory), client: 172.19.0.1, server: , request: "GET /css/images/ui-icons_cc0000_256x240.png HTTP/1.1", host: "localhost:8080", referrer: "http://localhost:8080/to-ren?page=2"
2021/01/19 07:15:15 [error] 19#19: *10 open() "/var/www/html/public/images/favicon.ico" failed (2: No such file or directory), client: 172.19.0.1, server: , request: "GET /images/favicon.ico HTTP/1.1", host: "localhost:8080", referrer: "http://localhost:8080/to-ren?page=2"
2021/01/19 07:15:22 [error] 19#19: *10 open() "/var/www/html/public/jquery.datatimepicker.min.css" failed (2: No such file or directory), client: 172.19.0.1, server: , request: "GET /jquery.datatimepicker.min.css HTTP/1.1", host: "localhost:8080", referrer: "http://localhost:8080/to-ren?page=1"
2021/01/19 07:15:22 [error] 19#19: *10 open() "/var/www/html/public/css/nice-select.css" failed (2: No such file or directory), client: 172.19.0.1, server: , request: "GET /css/nice-select.css HTTP/1.1", host: "localhost:8080", referrer: "http://localhost:8080/css/style.css"
2021/01/19 07:15:46 [error] 19#19: *10 open() "/var/www/html/public/jquery.datatimepicker.min.css" failed (2: No such file or directory), client: 172.19.0.1, server: , request: "GET /jquery.datatimepicker.min.css HTTP/1.1", host: "localhost:8080", referrer: "http://localhost:8080/to-ren"
2021/01/19 07:15:47 [error] 19#19: *10 open() "/var/www/html/public/css/nice-select.css" failed (2: No such file or directory), client: 172.19.0.1, server: , request: "GET /css/nice-select.css HTTP/1.1", host: "localhost:8080", referrer: "http://localhost:8080/css/style.css"
2021/01/19 07:17:37 [error] 20#20: *28 open() "/var/www/html/public/jquery.datatimepicker.min.css" failed (2: No such file or directory), client: 172.19.0.1, server: , request: "GET /jquery.datatimepicker.min.css HTTP/1.1", host: "localhost:8080", referrer: "http://localhost:8080/to-ren"
2021/01/19 07:17:37 [error] 20#20: *28 open() "/var/www/html/public/css/nice-select.css" failed (2: No such file or directory), client: 172.19.0.1, server: , request: "GET /css/nice-select.css HTTP/1.1", host: "localhost:8080", referrer: "http://localhost:8080/css/style.css"
